#
# A fatal error has been detected by the Java Runtime Environment:
#
#  EXCEPTION_ACCESS_VIOLATION (0xc0000005) at pc=0x0000016753b9e27a, pid=11068, tid=9768
#
# JRE version: OpenJDK Runtime Environment (11.0.13) (build 11.0.13+0-b1751.21-8125866)
# Java VM: OpenJDK 64-Bit Server VM (11.0.13+0-b1751.21-8125866, mixed mode, tiered, compressed oops, g1 gc, windows-amd64)
# Problematic frame:
# j  org.gradle.api.internal.artifacts.ivyservice.resolveengine.graph.builder.SelectorState.getFirstDependencyArtifact()Lorg/gradle/internal/component/model/IvyArtifactName;+37
#
# No core dump will be written. Minidumps are not enabled by default on client versions of Windows
#
# If you would like to submit a bug report, please visit:
#   https://bugreport.java.com/bugreport/crash.jsp
#

---------------  S U M M A R Y ------------

Command Line: --add-opens=java.base/java.util=ALL-UNNAMED --add-opens=java.base/java.lang=ALL-UNNAMED --add-opens=java.base/java.lang.invoke=ALL-UNNAMED --add-opens=java.base/java.util=ALL-UNNAMED --add-opens=java.prefs/java.util.prefs=ALL-UNNAMED --add-opens=java.prefs/java.util.prefs=ALL-UNNAMED --add-opens=java.base/java.nio.charset=ALL-UNNAMED --add-opens=java.base/java.net=ALL-UNNAMED --add-opens=java.base/java.util.concurrent.atomic=ALL-UNNAMED -Xmx2048m -Dfile.encoding=UTF-8 -Duser.country=PH -Duser.language=en -Duser.variant org.gradle.launcher.daemon.bootstrap.GradleDaemon 7.5.1

Host: Intel(R) Core(TM) i5-8265U CPU @ 1.60GHz, 8 cores, 11G,  Windows 11 , 64 bit Build 22621 (10.0.22621.900)
Time: Sat Dec  3 18:43:28 2022 Taipei Standard Time elapsed time: 8518.576617 seconds (0d 2h 21m 58s)

---------------  T H R E A D  ---------------

Current thread (0x000001677c5a9000):  JavaThread "Execution worker Thread 2" [_thread_in_Java, id=9768, stack(0x00000010b7500000,0x00000010b7600000)]

Stack: [0x00000010b7500000,0x00000010b7600000],  sp=0x00000010b75faed8,  free space=1003k
Native frames: (J=compiled Java code, j=interpreted, Vv=VM code, C=native code)
C  0x0000016753b9e27a


siginfo: EXCEPTION_ACCESS_VIOLATION (0xc0000005), reading address 0x000000047baffaa0


Register to memory mapping:

RIP=0x0000016753b9e27a is at code_begin+442 in an Interpreter codelet
checkcast  192 checkcast  [0x0000016753b9e0c0, 0x0000016753b9e320]  608 bytes
RAX=0x00000001003bbf48 is a pointer to class: 
org.gradle.internal.component.model.IvyArtifactName {0x00000001003bbf50}
RBX=0x000000047baffa80 is an unknown value
RCX=0x0000000000000020 is an unknown value
RDX=0x000000008f220668 is pointing into object: [Ljava.lang.Object; 
{0x000000008f220660} - klass: 'java/lang/Object'[]
 - length: 2
RSP=0x00000010b75faed8 is pointing into the stack for thread: 0x000001677c5a9000
RBP=0x00000010b75faf20 is pointing into the stack for thread: 0x000001677c5a9000
RSI=0x000001676d99d7c8 points into unknown readable memory: 0x880035704131e08b | 8b e0 31 41 70 35 00 88
RDI=0x0000000000000001 is an unknown value
R8 =0x000001674dd869c0 points into unknown readable memory: 0x000001674dd80d80 | 80 0d d8 4d 67 01 00 00
R9 =0x0000000000000001 is an unknown value
R10=0x00007ffc39cca600 jvm.dll
R11=0x00000010b75fae90 is pointing into the stack for thread: 0x000001677c5a9000
R12=0x0 is NULL
R13=0x00000167734796c5 is pointing into metadata
R14=0x00000010b75faf38 is pointing into the stack for thread: 0x000001677c5a9000
R15=0x000001677c5a9000 is a thread


Registers:
RAX=0x00000001003bbf48, RBX=0x000000047baffa80, RCX=0x0000000000000020, RDX=0x000000008f220668
RSP=0x00000010b75faed8, RBP=0x00000010b75faf20, RSI=0x000001676d99d7c8, RDI=0x0000000000000001
R8 =0x000001674dd869c0, R9 =0x0000000000000001, R10=0x00007ffc39cca600, R11=0x00000010b75fae90
R12=0x0000000000000000, R13=0x00000167734796c5, R14=0x00000010b75faf38, R15=0x000001677c5a9000
RIP=0x0000016753b9e27a, EFLAGS=0x0000000000010212

Top of Stack: (sp=0x00000010b75faed8)
0x00000010b75faed8:   00000010b75faed8 00000167734796c5
0x00000010b75faee8:   00000010b75faf38 000001677347bcf0
0x00000010b75faef8:   00000167775692e8 0000000084581eb8
0x00000010b75faf08:   00000167734796f0 0000000000000000
0x00000010b75faf18:   00000010b75faf40 000000008f01a370
0x00000010b75faf28:   000001675c2313dc 0000000000000000
0x00000010b75faf38:   0000000000000000 bc44424e00000000
0x00000010b75faf48:   000000008f01a338 000000008f733a30
0x00000010b75faf58:   000000008f72f8c8 000000008f013d70
0x00000010b75faf68:   0000000000000000 000000008f013a18
0x00000010b75faf78:   8f308550200053a5 0000000000000000
0x00000010b75faf88:   000000008f308400 000000008f308550
0x00000010b75faf98:   000000008f308550 00000000814791e8
0x00000010b75fafa8:   000001675c935854 000000008f013940
0x00000010b75fafb8:   000001675b8924b0 000000008f72d728
0x00000010b75fafc8:   000000003461573d 000000008f727a30 

Instructions: (pc=0x0000016753b9e27a)
0x0000016753b9e17a:   00 00 00 00 4d 89 97 30 03 00 00 c5 f8 77 49 81
0x0000016753b9e18a:   7f 08 00 00 00 00 0f 84 05 00 00 00 e9 65 2d fe
0x0000016753b9e19a:   ff 4c 8b 6d c0 4c 8b 75 c8 c3 49 8b 87 90 03 00
0x0000016753b9e1aa:   00 49 ba 00 00 00 00 00 00 00 00 4d 89 97 90 03
0x0000016753b9e1ba:   00 00 5a eb 11 48 8b d0 66 8b 5c d9 40 48 8b 49
0x0000016753b9e1ca:   28 48 8b 44 d9 08 8b 5a 08 48 c1 e3 03 48 8b 4d
0x0000016753b9e1da:   d8 48 85 c9 0f 84 8a 00 00 00 48 8b 79 18 48 3b
0x0000016753b9e1ea:   fb 0f 85 0f 00 00 00 48 83 41 20 01 48 83 59 20
0x0000016753b9e1fa:   00 e9 66 00 00 00 48 85 ff 0f 84 37 00 00 00 48
0x0000016753b9e20a:   8b 79 28 48 3b fb 0f 85 0f 00 00 00 48 83 41 30
0x0000016753b9e21a:   01 48 83 59 30 00 e9 41 00 00 00 48 85 ff 0f 85
0x0000016753b9e22a:   38 00 00 00 48 89 59 28 bf 01 00 00 00 48 89 79
0x0000016753b9e23a:   30 e9 26 00 00 00 48 3b 59 28 0f 85 0f 00 00 00
0x0000016753b9e24a:   48 83 41 30 01 48 83 59 30 00 e9 0d 00 00 00 48
0x0000016753b9e25a:   89 59 18 bf 01 00 00 00 48 89 79 20 48 83 c1 38
0x0000016753b9e26a:   48 89 4d d8 48 3b d8 0f 84 5b 00 00 00 8b 48 10
0x0000016753b9e27a:   48 3b 04 0b 0f 84 4e 00 00 00 83 f9 20 0f 85 22
0x0000016753b9e28a:   00 00 00 50 48 8b c0 57 48 8b 7b 28 8b 0f 48 83
0x0000016753b9e29a:   c7 08 48 85 c0 f2 48 af 5f 58 75 09 48 89 43 20
0x0000016753b9e2aa:   e9 23 00 00 00 48 8b 4d d8 48 85 c9 0f 84 10 00
0x0000016753b9e2ba:   00 00 48 83 41 d0 ff 0f 88 05 00 00 00 48 83 41
0x0000016753b9e2ca:   d0 01 52 e9 cb fc fe ff 48 8b c2 e9 19 00 00 00
0x0000016753b9e2da:   48 8b 4d d8 48 85 c9 0f 84 0c 00 00 00 80 49 01
0x0000016753b9e2ea:   01 48 83 c1 38 48 89 4d d8 41 0f b6 5d 03 49 83
0x0000016753b9e2fa:   c5 03 49 ba 00 9e cc 39 fc 7f 00 00 41 ff 24 da
0x0000016753b9e30a:   66 0f 1f 44 00 00 00 00 00 00 00 00 00 00 00 00
0x0000016753b9e31a:   00 00 00 00 00 00 80 02 00 00 00 00 00 00 b0 4b
0x0000016753b9e32a:   a9 39 fc 7f 00 00 c1 00 00 00 00 00 00 00 00 00
0x0000016753b9e33a:   00 00 00 00 00 00 58 48 85 c0 0f 84 14 02 00 00
0x0000016753b9e34a:   48 8b 4d e8 48 8b 49 08 48 8b 49 08 48 8b 51 08
0x0000016753b9e35a:   41 0f b7 5d 01 0f cb c1 eb 10 80 7c 1a 04 07 0f
0x0000016753b9e36a:   84 d7 00 00 00 50 e8 05 00 00 00 e9 aa 00 00 00 


Stack slot to memory mapping:
stack at sp + 0 slots: 0x00000010b75faed8 is pointing into the stack for thread: 0x000001677c5a9000
stack at sp + 1 slots: 0x00000167734796c5 is pointing into metadata
stack at sp + 2 slots: 0x00000010b75faf38 is pointing into the stack for thread: 0x000001677c5a9000
stack at sp + 3 slots: 0x000001677347bcf0 is pointing into metadata
stack at sp + 4 slots: 0x00000167775692e8 is pointing into metadata
stack at sp + 5 slots: 0x0000000084581eb8 is an oop: java.lang.Class 
{0x0000000084581eb8} - klass: 'java/lang/Class'
stack at sp + 6 slots: {method} {0x00000167734796f8} 'getFirstDependencyArtifact' '()Lorg/gradle/internal/component/model/IvyArtifactName;' in 'org/gradle/api/internal/artifacts/ivyservice/resolveengine/graph/builder/SelectorState'
stack at sp + 7 slots: 0x0 is NULL

checkcast  192 checkcast  [0x0000016753b9e0c0, 0x0000016753b9e320]  608 bytes

---------------  P R O C E S S  ---------------

Threads class SMR info:
_java_thread_list=0x000001676e893c10, length=149, elements={
0x0000016750069000, 0x000001676a523800, 0x000001676a524800, 0x000001676ad93800,
0x000001676ad98000, 0x000001676ad99800, 0x000001676ada0000, 0x000001676ada5000,
0x000001676adab000, 0x000001676af0a800, 0x000001676ce2e800, 0x000001676c86d000,
0x000001676b2d9800, 0x000001676c1c2800, 0x000001676c1c7000, 0x000001676c1c8000,
0x000001676c1c4800, 0x000001676c1c9000, 0x000001676c1c4000, 0x000001676b50f800,
0x000001676b50b800, 0x000001676b50d800, 0x000001676b509800, 0x00000167731ed800,
0x00000167731f0000, 0x00000167731ef800, 0x00000167731f1000, 0x00000167731f2000,
0x00000167731ed000, 0x000001676c765000, 0x000001676c768800, 0x000001676c763800,
0x000001676c762800, 0x000001676d90b800, 0x000001677c59b000, 0x0000016776251000,
0x00000167766b5800, 0x000001676c75b800, 0x00000167766b7000, 0x00000167766b5000,
0x000001676d915000, 0x000001676d916000, 0x00000167731e8000, 0x00000167731ea800,
0x000001677c5a4000, 0x0000016776255000, 0x0000016776251800, 0x0000016776252800,
0x0000016776255800, 0x0000016776256800, 0x0000016776253800, 0x0000016776257800,
0x0000016776254000, 0x00000167766b6800, 0x00000167766b2800, 0x00000167766b8000,
0x00000167766b4000, 0x0000016773287000, 0x00000167766b9000, 0x00000167766b3000,
0x00000167766bf800, 0x00000167766bb800, 0x00000167766bd000, 0x00000167766be800,
0x00000167766be000, 0x00000167766ba800, 0x00000167766b9800, 0x00000167766c0000,
0x00000167766c1000, 0x00000167766c2000, 0x00000167766bc000, 0x00000167766c8800,
0x00000167766c4800, 0x00000167766c5000, 0x00000167766c2800, 0x00000167766c9000,
0x00000167766c6000, 0x00000167766c6800, 0x00000167766c3800, 0x00000167766cb000,
0x00000167766ca000, 0x00000167766cc800, 0x00000167766cb800, 0x00000167766cd800,
0x00000167766c7800, 0x00000167766cf800, 0x00000167766ce000, 0x00000167766d0800,
0x00000167766cf000, 0x00000167766d1800, 0x000001677888e000, 0x000001677888d000,
0x0000016778889000, 0x0000016778888000, 0x0000016778889800, 0x000001677888a800,
0x000001677888e800, 0x000001677888f800, 0x0000016778890000, 0x000001677888b800,
0x000001677888c000, 0x0000016778894800, 0x0000016778893800, 0x0000016778895000,
0x0000016778896000, 0x0000016778896800, 0x0000016778892000, 0x0000016778892800,
0x000001676e4c8000, 0x000001676e4c7000, 0x000001676e4c9000, 0x000001676e4c9800,
0x000001676e4ca800, 0x000001676e4c4800, 0x000001676e4cb000, 0x000001676e4c5800,
0x000001676e4cc000, 0x000001676e4c6800, 0x000001676e4cd000, 0x000001676e4d0000,
0x000001676e4d2000, 0x000001676e4cd800, 0x000001676e4cf800, 0x000001676e4d3800,
0x000001676e4d1000, 0x000001676e4d2800, 0x000001677c59f000, 0x000001677c59c000,
0x000001677c59c800, 0x000001677c59d800, 0x000001677c5a0000, 0x000001677c59e800,
0x000001677c59a800, 0x000001677c5a6800, 0x000001677c5a5000, 0x000001677c5a5800,
0x000001677c5a2800, 0x000001677c5a3800, 0x0000016773293000, 0x000001677c5a1000,
0x000001677c5a7800, 0x000001677c5a1800, 0x000001677c5a9000, 0x000001676d90d000,
0x000001676d90a800, 0x000001676d90c000, 0x000001676d909800, 0x000001676d907800,
0x000001676d90e000
}

Java Threads: ( => current thread )
  0x0000016750069000 JavaThread "main" [_thread_blocked, id=12016, stack(0x00000010ae700000,0x00000010ae800000)]
  0x000001676a523800 JavaThread "Reference Handler" daemon [_thread_blocked, id=1836, stack(0x00000010aee00000,0x00000010aef00000)]
  0x000001676a524800 JavaThread "Finalizer" daemon [_thread_blocked, id=10052, stack(0x00000010aef00000,0x00000010af000000)]
  0x000001676ad93800 JavaThread "Signal Dispatcher" daemon [_thread_blocked, id=11844, stack(0x00000010af000000,0x00000010af100000)]
  0x000001676ad98000 JavaThread "Attach Listener" daemon [_thread_blocked, id=12384, stack(0x00000010af100000,0x00000010af200000)]
  0x000001676ad99800 JavaThread "Service Thread" daemon [_thread_blocked, id=11672, stack(0x00000010af200000,0x00000010af300000)]
  0x000001676ada0000 JavaThread "C2 CompilerThread0" daemon [_thread_in_native, id=6652, stack(0x00000010af300000,0x00000010af400000)]
  0x000001676ada5000 JavaThread "C1 CompilerThread0" daemon [_thread_blocked, id=8984, stack(0x00000010af400000,0x00000010af500000)]
  0x000001676adab000 JavaThread "Sweeper thread" daemon [_thread_blocked, id=6752, stack(0x00000010af500000,0x00000010af600000)]
  0x000001676af0a800 JavaThread "Common-Cleaner" daemon [_thread_blocked, id=13012, stack(0x00000010af600000,0x00000010af700000)]
  0x000001676ce2e800 JavaThread "Daemon health stats" [_thread_blocked, id=12924, stack(0x00000010af900000,0x00000010afa00000)]
  0x000001676c86d000 JavaThread "Incoming local TCP Connector on port 52059" [_thread_in_native, id=10304, stack(0x00000010af800000,0x00000010af900000)]
  0x000001676b2d9800 JavaThread "Daemon periodic checks" [_thread_blocked, id=7660, stack(0x00000010afd00000,0x00000010afe00000)]
  0x000001676c1c2800 JavaThread "Cache worker for journal cache (C:\Users\magat\.gradle\caches\journal-1)" [_thread_blocked, id=11760, stack(0x00000010b0600000,0x00000010b0700000)]
  0x000001676c1c7000 JavaThread "File lock request listener" [_thread_in_native, id=6856, stack(0x00000010b0700000,0x00000010b0800000)]
  0x000001676c1c8000 JavaThread "Cache worker for file hash cache (C:\Users\magat\.gradle\caches\7.5.1\fileHashes)" [_thread_blocked, id=10940, stack(0x00000010b0c00000,0x00000010b0d00000)]
  0x000001676c1c4800 JavaThread "File watcher server" daemon [_thread_in_native, id=12624, stack(0x00000010b0e00000,0x00000010b0f00000)]
  0x000001676c1c9000 JavaThread "File watcher consumer" daemon [_thread_blocked, id=12780, stack(0x00000010b0f00000,0x00000010b1000000)]
  0x000001676c1c4000 JavaThread "Cache worker for file content cache (C:\Users\magat\.gradle\caches\7.5.1\fileContent)" [_thread_blocked, id=8764, stack(0x00000010b0d00000,0x00000010b0e00000)]
  0x000001676b50f800 JavaThread "Cache worker for execution history cache (C:\Users\magat\.gradle\caches\7.5.1\executionHistory)" [_thread_blocked, id=8616, stack(0x00000010b1400000,0x00000010b1500000)]
  0x000001676b50b800 JavaThread "jar transforms" [_thread_blocked, id=8508, stack(0x00000010b1700000,0x00000010b1800000)]
  0x000001676b50d800 JavaThread "jar transforms Thread 2" [_thread_blocked, id=13416, stack(0x00000010b1800000,0x00000010b1900000)]
  0x000001676b509800 JavaThread "jar transforms Thread 3" [_thread_blocked, id=4128, stack(0x00000010b1a00000,0x00000010b1b00000)]
  0x00000167731ed800 JavaThread "jar transforms Thread 4" [_thread_blocked, id=10668, stack(0x00000010b6c00000,0x00000010b6d00000)]
  0x00000167731f0000 JavaThread "jar transforms Thread 5" [_thread_blocked, id=13632, stack(0x00000010b6d00000,0x00000010b6e00000)]
  0x00000167731ef800 JavaThread "jar transforms Thread 6" [_thread_blocked, id=11620, stack(0x00000010b6e00000,0x00000010b6f00000)]
  0x00000167731f1000 JavaThread "jar transforms Thread 7" [_thread_blocked, id=13520, stack(0x00000010b6f00000,0x00000010b7000000)]
  0x00000167731f2000 JavaThread "jar transforms Thread 8" [_thread_blocked, id=6112, stack(0x00000010b7000000,0x00000010b7100000)]
  0x00000167731ed000 JavaThread "Memory manager" [_thread_blocked, id=12492, stack(0x00000010b7100000,0x00000010b7200000)]
  0x000001676c765000 JavaThread "RMI Scheduler(0)" daemon [_thread_blocked, id=760, stack(0x00000010b1500000,0x00000010b1600000)]
  0x000001676c768800 JavaThread "RMI GC Daemon" daemon [_thread_blocked, id=8676, stack(0x00000010b7e00000,0x00000010b7f00000)]
  0x000001676c763800 JavaThread "RMI TCP Accept-0" daemon [_thread_in_native, id=5544, stack(0x00000010b8000000,0x00000010b8100000)]
  0x000001676c762800 JavaThread "RMI Reaper" [_thread_blocked, id=6704, stack(0x00000010b8100000,0x00000010b8200000)]
  0x000001676d90b800 JavaThread "Cache worker for Java compile cache (C:\Users\magat\.gradle\caches\7.5.1\javaCompile)" [_thread_blocked, id=7832, stack(0x00000010b0300000,0x00000010b0400000)]
  0x000001677c59b000 JavaThread "ForkJoinPool.commonPool-worker-1" daemon [_thread_blocked, id=12684, stack(0x00000010b9700000,0x00000010b9800000)]
  0x0000016776251000 JavaThread "ForkJoinPool.commonPool-worker-13" daemon [_thread_blocked, id=10816, stack(0x00000010b9500000,0x00000010b9600000)]
  0x00000167766b5800 JavaThread "ForkJoinPool.commonPool-worker-7" daemon [_thread_blocked, id=7588, stack(0x00000010b9a00000,0x00000010b9b00000)]
  0x000001676c75b800 JavaThread "ForkJoinPool.commonPool-worker-11" daemon [_thread_blocked, id=2004, stack(0x00000010b9400000,0x00000010b9500000)]
  0x00000167766b7000 JavaThread "Daemon Thread 20" [_thread_blocked, id=2168, stack(0x00000010ae400000,0x00000010ae500000)]
  0x00000167766b5000 JavaThread "Daemon worker Thread 20" [_thread_blocked, id=5476, stack(0x00000010afe00000,0x00000010aff00000)]
  0x000001676d915000 JavaThread "RMI TCP Connection(idle)" daemon [_thread_blocked, id=6052, stack(0x00000010b7d00000,0x00000010b7e00000)]
  0x000001676d916000 JavaThread "RMI TCP Connection(idle)" daemon [_thread_blocked, id=3120, stack(0x00000010b7f00000,0x00000010b8000000)]
  0x00000167731e8000 JavaThread "ForkJoinPool.commonPool-worker-3" daemon [_thread_blocked, id=5864, stack(0x00000010b9200000,0x00000010b9300000)]
  0x00000167731ea800 JavaThread "ForkJoinPool.commonPool-worker-5" daemon [_thread_blocked, id=8256, stack(0x00000010b9600000,0x00000010b9700000)]
  0x000001677c5a4000 JavaThread "included builds" [_thread_blocked, id=1196, stack(0x00000010b7200000,0x00000010b7300000)]
  0x0000016776255000 JavaThread "ForkJoinPool.commonPool-worker-9" daemon [_thread_blocked, id=5264, stack(0x00000010b8200000,0x00000010b8300000)]
  0x0000016776251800 JavaThread "Handler for socket connection from /127.0.0.1:52059 to /127.0.0.1:54883" [_thread_in_native, id=3336, stack(0x00000010ae500000,0x00000010ae600000)]
  0x0000016776252800 JavaThread "Cancel handler" [_thread_blocked, id=6924, stack(0x00000010ae600000,0x00000010ae700000)]
  0x0000016776255800 JavaThread "Asynchronous log dispatcher for DefaultDaemonConnection: socket connection from /127.0.0.1:52059 to /127.0.0.1:54883" [_thread_blocked, id=13868, stack(0x00000010aff00000,0x00000010b0000000)]
  0x0000016776256800 JavaThread "Stdin handler" [_thread_blocked, id=9736, stack(0x00000010b0000000,0x00000010b0100000)]
  0x0000016776253800 JavaThread "Daemon client event forwarder" [_thread_blocked, id=13952, stack(0x00000010b0100000,0x00000010b0200000)]
  0x0000016776257800 JavaThread "Cache worker for checksums cache (C:\Users\magat\AndroidStudioProjects\Capstone\.gradle\7.5.1\checksums)" [_thread_blocked, id=6356, stack(0x00000010b0200000,0x00000010b0300000)]
  0x0000016776254000 JavaThread "Cache worker for cache directory md-rule (C:\Users\magat\.gradle\caches\7.5.1\md-rule)" [_thread_blocked, id=12468, stack(0x00000010b0400000,0x00000010b0500000)]
  0x00000167766b6800 JavaThread "Cache worker for file hash cache (C:\Users\magat\AndroidStudioProjects\Capstone\.gradle\7.5.1\fileHashes)" [_thread_blocked, id=9552, stack(0x00000010b1000000,0x00000010b1100000)]
  0x00000167766b2800 JavaThread "Cache worker for cache directory md-supplier (C:\Users\magat\.gradle\caches\7.5.1\md-supplier)" [_thread_blocked, id=10576, stack(0x00000010b1100000,0x00000010b1200000)]
  0x00000167766b8000 JavaThread "Cache worker for dependencies-accessors (C:\Users\magat\AndroidStudioProjects\Capstone\.gradle\7.5.1\dependencies-accessors)" [_thread_blocked, id=12952, stack(0x00000010b1200000,0x00000010b1300000)]
  0x00000167766b4000 JavaThread "Cache worker for Build Output Cleanup Cache (C:\Users\magat\AndroidStudioProjects\Capstone\.gradle\buildOutputCleanup)" [_thread_blocked, id=7524, stack(0x00000010b1300000,0x00000010b1400000)]
  0x0000016773287000 JavaThread "C2 CompilerThread1" daemon [_thread_blocked, id=8820, stack(0x00000010b1600000,0x00000010b1700000)]
  0x00000167766b9000 JavaThread "Unconstrained build operations" [_thread_blocked, id=8184, stack(0x00000010b1900000,0x00000010b1a00000)]
  0x00000167766b3000 JavaThread "Unconstrained build operations Thread 2" [_thread_blocked, id=8116, stack(0x00000010b1b00000,0x00000010b1c00000)]
  0x00000167766bf800 JavaThread "Unconstrained build operations Thread 3" [_thread_blocked, id=8708, stack(0x00000010b1c00000,0x00000010b1d00000)]
  0x00000167766bb800 JavaThread "Unconstrained build operations Thread 4" [_thread_blocked, id=1768, stack(0x00000010b1d00000,0x00000010b1e00000)]
  0x00000167766bd000 JavaThread "Unconstrained build operations Thread 5" [_thread_blocked, id=10380, stack(0x00000010b1e00000,0x00000010b1f00000)]
  0x00000167766be800 JavaThread "Unconstrained build operations Thread 6" [_thread_blocked, id=8920, stack(0x00000010b1f00000,0x00000010b2000000)]
  0x00000167766be000 JavaThread "Unconstrained build operations Thread 7" [_thread_blocked, id=4872, stack(0x00000010b2000000,0x00000010b2100000)]
  0x00000167766ba800 JavaThread "Unconstrained build operations Thread 8" [_thread_blocked, id=3344, stack(0x00000010b2100000,0x00000010b2200000)]
  0x00000167766b9800 JavaThread "Unconstrained build operations Thread 9" [_thread_blocked, id=9496, stack(0x00000010b2200000,0x00000010b2300000)]
  0x00000167766c0000 JavaThread "Unconstrained build operations Thread 10" [_thread_blocked, id=13036, stack(0x00000010b2300000,0x00000010b2400000)]
  0x00000167766c1000 JavaThread "Unconstrained build operations Thread 11" [_thread_blocked, id=7740, stack(0x00000010b2400000,0x00000010b2500000)]
  0x00000167766c2000 JavaThread "Unconstrained build operations Thread 12" [_thread_blocked, id=10552, stack(0x00000010b2500000,0x00000010b2600000)]
  0x00000167766bc000 JavaThread "Unconstrained build operations Thread 13" [_thread_blocked, id=5164, stack(0x00000010b2600000,0x00000010b2700000)]
  0x00000167766c8800 JavaThread "Unconstrained build operations Thread 14" [_thread_blocked, id=4224, stack(0x00000010b2700000,0x00000010b2800000)]
  0x00000167766c4800 JavaThread "Unconstrained build operations Thread 15" [_thread_blocked, id=12132, stack(0x00000010b2800000,0x00000010b2900000)]
  0x00000167766c5000 JavaThread "Unconstrained build operations Thread 16" [_thread_blocked, id=12084, stack(0x00000010b2900000,0x00000010b2a00000)]
  0x00000167766c2800 JavaThread "Unconstrained build operations Thread 17" [_thread_blocked, id=5112, stack(0x00000010b2a00000,0x00000010b2b00000)]
  0x00000167766c9000 JavaThread "Unconstrained build operations Thread 18" [_thread_blocked, id=13428, stack(0x00000010b2b00000,0x00000010b2c00000)]
  0x00000167766c6000 JavaThread "Unconstrained build operations Thread 19" [_thread_blocked, id=2196, stack(0x00000010b2c00000,0x00000010b2d00000)]
  0x00000167766c6800 JavaThread "Unconstrained build operations Thread 20" [_thread_blocked, id=1764, stack(0x00000010b2d00000,0x00000010b2e00000)]
  0x00000167766c3800 JavaThread "Unconstrained build operations Thread 21" [_thread_blocked, id=13368, stack(0x00000010b2e00000,0x00000010b2f00000)]
  0x00000167766cb000 JavaThread "Unconstrained build operations Thread 22" [_thread_blocked, id=5360, stack(0x00000010b2f00000,0x00000010b3000000)]
  0x00000167766ca000 JavaThread "Unconstrained build operations Thread 23" [_thread_blocked, id=11828, stack(0x00000010b3000000,0x00000010b3100000)]
  0x00000167766cc800 JavaThread "Unconstrained build operations Thread 24" [_thread_blocked, id=10696, stack(0x00000010b3100000,0x00000010b3200000)]
  0x00000167766cb800 JavaThread "Unconstrained build operations Thread 25" [_thread_blocked, id=7136, stack(0x00000010b3200000,0x00000010b3300000)]
  0x00000167766cd800 JavaThread "Unconstrained build operations Thread 26" [_thread_blocked, id=7804, stack(0x00000010b3300000,0x00000010b3400000)]
  0x00000167766c7800 JavaThread "Unconstrained build operations Thread 27" [_thread_blocked, id=12868, stack(0x00000010b3400000,0x00000010b3500000)]
  0x00000167766cf800 JavaThread "Unconstrained build operations Thread 28" [_thread_blocked, id=2140, stack(0x00000010b3500000,0x00000010b3600000)]
  0x00000167766ce000 JavaThread "Unconstrained build operations Thread 29" [_thread_blocked, id=7816, stack(0x00000010b3600000,0x00000010b3700000)]
  0x00000167766d0800 JavaThread "Unconstrained build operations Thread 30" [_thread_blocked, id=8356, stack(0x00000010b3700000,0x00000010b3800000)]
  0x00000167766cf000 JavaThread "Unconstrained build operations Thread 31" [_thread_blocked, id=7080, stack(0x00000010b3800000,0x00000010b3900000)]
  0x00000167766d1800 JavaThread "Unconstrained build operations Thread 32" [_thread_blocked, id=12268, stack(0x00000010b3900000,0x00000010b3a00000)]
  0x000001677888e000 JavaThread "Unconstrained build operations Thread 33" [_thread_blocked, id=13652, stack(0x00000010b3a00000,0x00000010b3b00000)]
  0x000001677888d000 JavaThread "Unconstrained build operations Thread 34" [_thread_blocked, id=3032, stack(0x00000010b3b00000,0x00000010b3c00000)]
  0x0000016778889000 JavaThread "Unconstrained build operations Thread 35" [_thread_blocked, id=13284, stack(0x00000010b3c00000,0x00000010b3d00000)]
  0x0000016778888000 JavaThread "Unconstrained build operations Thread 36" [_thread_blocked, id=1132, stack(0x00000010b3d00000,0x00000010b3e00000)]
  0x0000016778889800 JavaThread "Unconstrained build operations Thread 37" [_thread_blocked, id=10532, stack(0x00000010b3e00000,0x00000010b3f00000)]
  0x000001677888a800 JavaThread "Unconstrained build operations Thread 38" [_thread_blocked, id=13680, stack(0x00000010b3f00000,0x00000010b4000000)]
  0x000001677888e800 JavaThread "Unconstrained build operations Thread 39" [_thread_blocked, id=2032, stack(0x00000010b4000000,0x00000010b4100000)]
  0x000001677888f800 JavaThread "Unconstrained build operations Thread 40" [_thread_blocked, id=5236, stack(0x00000010b4100000,0x00000010b4200000)]
  0x0000016778890000 JavaThread "Unconstrained build operations Thread 41" [_thread_blocked, id=9048, stack(0x00000010b4200000,0x00000010b4300000)]
  0x000001677888b800 JavaThread "Unconstrained build operations Thread 42" [_thread_blocked, id=11496, stack(0x00000010b4300000,0x00000010b4400000)]
  0x000001677888c000 JavaThread "Unconstrained build operations Thread 43" [_thread_blocked, id=10608, stack(0x00000010b4400000,0x00000010b4500000)]
  0x0000016778894800 JavaThread "Unconstrained build operations Thread 44" [_thread_blocked, id=7812, stack(0x00000010b4500000,0x00000010b4600000)]
  0x0000016778893800 JavaThread "Unconstrained build operations Thread 45" [_thread_blocked, id=13156, stack(0x00000010b4600000,0x00000010b4700000)]
  0x0000016778895000 JavaThread "Unconstrained build operations Thread 46" [_thread_blocked, id=9236, stack(0x00000010b4700000,0x00000010b4800000)]
  0x0000016778896000 JavaThread "Unconstrained build operations Thread 47" [_thread_blocked, id=8332, stack(0x00000010b4800000,0x00000010b4900000)]
  0x0000016778896800 JavaThread "Unconstrained build operations Thread 48" [_thread_blocked, id=1004, stack(0x00000010b4900000,0x00000010b4a00000)]
  0x0000016778892000 JavaThread "Unconstrained build operations Thread 49" [_thread_blocked, id=5408, stack(0x00000010b4a00000,0x00000010b4b00000)]
  0x0000016778892800 JavaThread "Unconstrained build operations Thread 50" [_thread_blocked, id=11900, stack(0x00000010b4b00000,0x00000010b4c00000)]
  0x000001676e4c8000 JavaThread "Unconstrained build operations Thread 51" [_thread_blocked, id=13452, stack(0x00000010b4c00000,0x00000010b4d00000)]
  0x000001676e4c7000 JavaThread "Unconstrained build operations Thread 52" [_thread_blocked, id=10904, stack(0x00000010b4d00000,0x00000010b4e00000)]
  0x000001676e4c9000 JavaThread "Unconstrained build operations Thread 53" [_thread_blocked, id=2864, stack(0x00000010b4e00000,0x00000010b4f00000)]
  0x000001676e4c9800 JavaThread "Unconstrained build operations Thread 54" [_thread_blocked, id=3416, stack(0x00000010b4f00000,0x00000010b5000000)]
  0x000001676e4ca800 JavaThread "Unconstrained build operations Thread 55" [_thread_blocked, id=4656, stack(0x00000010b5000000,0x00000010b5100000)]
  0x000001676e4c4800 JavaThread "Unconstrained build operations Thread 56" [_thread_blocked, id=3744, stack(0x00000010b5100000,0x00000010b5200000)]
  0x000001676e4cb000 JavaThread "Unconstrained build operations Thread 57" [_thread_blocked, id=4192, stack(0x00000010b5200000,0x00000010b5300000)]
  0x000001676e4c5800 JavaThread "Unconstrained build operations Thread 58" [_thread_blocked, id=11244, stack(0x00000010b5300000,0x00000010b5400000)]
  0x000001676e4cc000 JavaThread "Unconstrained build operations Thread 59" [_thread_blocked, id=6124, stack(0x00000010b5400000,0x00000010b5500000)]
  0x000001676e4c6800 JavaThread "Unconstrained build operations Thread 60" [_thread_blocked, id=7884, stack(0x00000010b5500000,0x00000010b5600000)]
  0x000001676e4cd000 JavaThread "Unconstrained build operations Thread 61" [_thread_blocked, id=2136, stack(0x00000010b5600000,0x00000010b5700000)]
  0x000001676e4d0000 JavaThread "Unconstrained build operations Thread 62" [_thread_blocked, id=6552, stack(0x00000010b5700000,0x00000010b5800000)]
  0x000001676e4d2000 JavaThread "Unconstrained build operations Thread 63" [_thread_blocked, id=11508, stack(0x00000010b5800000,0x00000010b5900000)]
  0x000001676e4cd800 JavaThread "Unconstrained build operations Thread 64" [_thread_blocked, id=2904, stack(0x00000010b5900000,0x00000010b5a00000)]
  0x000001676e4cf800 JavaThread "Unconstrained build operations Thread 65" [_thread_blocked, id=2316, stack(0x00000010b5a00000,0x00000010b5b00000)]
  0x000001676e4d3800 JavaThread "Unconstrained build operations Thread 66" [_thread_blocked, id=5400, stack(0x00000010b5b00000,0x00000010b5c00000)]
  0x000001676e4d1000 JavaThread "Unconstrained build operations Thread 67" [_thread_blocked, id=12360, stack(0x00000010b5c00000,0x00000010b5d00000)]
  0x000001676e4d2800 JavaThread "Unconstrained build operations Thread 68" [_thread_blocked, id=11728, stack(0x00000010b5d00000,0x00000010b5e00000)]
  0x000001677c59f000 JavaThread "Unconstrained build operations Thread 69" [_thread_blocked, id=13960, stack(0x00000010b5e00000,0x00000010b5f00000)]
  0x000001677c59c000 JavaThread "Unconstrained build operations Thread 70" [_thread_blocked, id=5300, stack(0x00000010b5f00000,0x00000010b6000000)]
  0x000001677c59c800 JavaThread "Unconstrained build operations Thread 71" [_thread_blocked, id=7972, stack(0x00000010b6000000,0x00000010b6100000)]
  0x000001677c59d800 JavaThread "Unconstrained build operations Thread 72" [_thread_blocked, id=12616, stack(0x00000010b6100000,0x00000010b6200000)]
  0x000001677c5a0000 JavaThread "Unconstrained build operations Thread 73" [_thread_blocked, id=12340, stack(0x00000010b6200000,0x00000010b6300000)]
  0x000001677c59e800 JavaThread "Unconstrained build operations Thread 74" [_thread_blocked, id=2900, stack(0x00000010b6300000,0x00000010b6400000)]
  0x000001677c59a800 JavaThread "Unconstrained build operations Thread 75" [_thread_blocked, id=3980, stack(0x00000010b6400000,0x00000010b6500000)]
  0x000001677c5a6800 JavaThread "Unconstrained build operations Thread 76" [_thread_blocked, id=4520, stack(0x00000010b6500000,0x00000010b6600000)]
  0x000001677c5a5000 JavaThread "Unconstrained build operations Thread 77" [_thread_blocked, id=9836, stack(0x00000010b6600000,0x00000010b6700000)]
  0x000001677c5a5800 JavaThread "Unconstrained build operations Thread 78" [_thread_blocked, id=4312, stack(0x00000010b6700000,0x00000010b6800000)]
  0x000001677c5a2800 JavaThread "Unconstrained build operations Thread 79" [_thread_blocked, id=7476, stack(0x00000010b6800000,0x00000010b6900000)]
  0x000001677c5a3800 JavaThread "Unconstrained build operations Thread 80" [_thread_blocked, id=13880, stack(0x00000010b6900000,0x00000010b6a00000)]
  0x0000016773293000 JavaThread "C2 CompilerThread2" daemon [_thread_in_native, id=12784, stack(0x00000010b6a00000,0x00000010b6b00000)]
  0x000001677c5a1000 JavaThread "build event listener" [_thread_blocked, id=3388, stack(0x00000010b6b00000,0x00000010b6c00000)]
  0x000001677c5a7800 JavaThread "included builds" [_thread_blocked, id=13968, stack(0x00000010b7300000,0x00000010b7400000)]
  0x000001677c5a1800 JavaThread "Execution worker" [_thread_blocked, id=12188, stack(0x00000010b7400000,0x00000010b7500000)]
=>0x000001677c5a9000 JavaThread "Execution worker Thread 2" [_thread_in_Java, id=9768, stack(0x00000010b7500000,0x00000010b7600000)]
  0x000001676d90d000 JavaThread "Execution worker Thread 3" [_thread_blocked, id=9488, stack(0x00000010b7600000,0x00000010b7700000)]
  0x000001676d90a800 JavaThread "Execution worker Thread 4" [_thread_blocked, id=5024, stack(0x00000010b7700000,0x00000010b7800000)]
  0x000001676d90c000 JavaThread "Execution worker Thread 5" [_thread_blocked, id=11160, stack(0x00000010b7800000,0x00000010b7900000)]
  0x000001676d909800 JavaThread "Execution worker Thread 6" [_thread_blocked, id=6972, stack(0x00000010b7900000,0x00000010b7a00000)]
  0x000001676d907800 JavaThread "Execution worker Thread 7" [_thread_blocked, id=1708, stack(0x00000010b7a00000,0x00000010b7b00000)]
  0x000001676d90e000 JavaThread "Cache worker for execution history cache (C:\Users\magat\AndroidStudioProjects\Capstone\.gradle\7.5.1\executionHistory)" [_thread_blocked, id=1336, stack(0x00000010b7b00000,0x00000010b7c00000)]

Other Threads:
  0x000001676a510800 VMThread "VM Thread" [stack: 0x00000010aed00000,0x00000010aee00000] [id=12572]
  0x000001676af40000 WatcherThread [stack: 0x00000010af700000,0x00000010af800000] [id=4744]
  0x0000016750082800 GCTaskThread "GC Thread#0" [stack: 0x00000010ae800000,0x00000010ae900000] [id=11896]
  0x000001676c4d4000 GCTaskThread "GC Thread#1" [stack: 0x00000010afa00000,0x00000010afb00000] [id=1040]
  0x000001676b835000 GCTaskThread "GC Thread#2" [stack: 0x00000010afb00000,0x00000010afc00000] [id=1820]
  0x000001676cad0000 GCTaskThread "GC Thread#3" [stack: 0x00000010afc00000,0x00000010afd00000] [id=12012]
  0x000001676bb36800 GCTaskThread "GC Thread#4" [stack: 0x00000010b0500000,0x00000010b0600000] [id=6352]
  0x000001676c2be800 GCTaskThread "GC Thread#5" [stack: 0x00000010b0800000,0x00000010b0900000] [id=6016]
  0x000001676cf00800 GCTaskThread "GC Thread#6" [stack: 0x00000010b0900000,0x00000010b0a00000] [id=6152]
  0x000001676c662000 GCTaskThread "GC Thread#7" [stack: 0x00000010b0a00000,0x00000010b0b00000] [id=9264]
  0x00000167500b4800 ConcurrentGCThread "G1 Main Marker" [stack: 0x00000010ae900000,0x00000010aea00000] [id=6908]
  0x00000167500b6800 ConcurrentGCThread "G1 Conc#0" [stack: 0x00000010aea00000,0x00000010aeb00000] [id=8272]
  0x000001676b44b000 ConcurrentGCThread "G1 Conc#1" [stack: 0x00000010b0b00000,0x00000010b0c00000] [id=1952]
  0x000001675013d800 ConcurrentGCThread "G1 Refine#0" [stack: 0x00000010aeb00000,0x00000010aec00000] [id=1124]
  0x000001675013e800 ConcurrentGCThread "G1 Young RemSet Sampling" [stack: 0x00000010aec00000,0x00000010aed00000] [id=2672]

Threads with active compile tasks:
C2 CompilerThread08518631 35168       4       org.gradle.internal.extensibility.ExtensionsStorage::add (52 bytes)
C2 CompilerThread28518631 35171   !   4       org.codehaus.groovy.runtime.metaclass.ClosureMetaClass::invokeMethod (872 bytes)

VM state:not at safepoint (normal execution)

VM Mutex/Monitor currently owned by a thread: None

Heap address: 0x0000000080000000, size: 2048 MB, Compressed Oops mode: 32-bit
Narrow klass base: 0x0000000000000000, Narrow klass shift: 3
Compressed class space size: 1073741824 Address: 0x0000000100000000

Heap:
 garbage-first heap   total 259072K, used 134718K [0x0000000080000000, 0x0000000100000000)
  region size 1024K, 13 young (13312K), 2 survivors (2048K)
 Metaspace       used 139167K, capacity 144957K, committed 145104K, reserved 1175552K
  class space    used 17166K, capacity 19243K, committed 19328K, reserved 1048576K
Heap Regions: E=young(eden), S=young(survivor), O=old, HS=humongous(starts), HC=humongous(continues), CS=collection set, F=free, A=archive, TAMS=top-at-mark-start (previous, next)
|   0|0x0000000080000000, 0x0000000080100000, 0x0000000080100000|100%| O|  |TAMS 0x0000000080100000, 0x0000000080000000| Untracked 
|   1|0x0000000080100000, 0x0000000080200000, 0x0000000080200000|100%| O|  |TAMS 0x0000000080200000, 0x0000000080100000| Untracked 
|   2|0x0000000080200000, 0x0000000080300000, 0x0000000080300000|100%| O|  |TAMS 0x0000000080300000, 0x0000000080200000| Untracked 
|   3|0x0000000080300000, 0x0000000080400000, 0x0000000080400000|100%|HS|  |TAMS 0x0000000080400000, 0x0000000080300000| Complete 
|   4|0x0000000080400000, 0x0000000080500000, 0x0000000080500000|100%|HC|  |TAMS 0x0000000080500000, 0x0000000080400000| Complete 
|   5|0x0000000080500000, 0x0000000080600000, 0x0000000080600000|100%|HC|  |TAMS 0x0000000080600000, 0x0000000080500000| Complete 
|   6|0x0000000080600000, 0x0000000080700000, 0x0000000080700000|100%| O|  |TAMS 0x0000000080700000, 0x0000000080600000| Untracked 
|   7|0x0000000080700000, 0x0000000080800000, 0x0000000080800000|100%| O|  |TAMS 0x0000000080800000, 0x0000000080700000| Untracked 
|   8|0x0000000080800000, 0x0000000080900000, 0x0000000080900000|100%| O|  |TAMS 0x0000000080900000, 0x0000000080800000| Untracked 
|   9|0x0000000080900000, 0x0000000080a00000, 0x0000000080a00000|100%| O|  |TAMS 0x0000000080a00000, 0x0000000080900000| Untracked 
|  10|0x0000000080a00000, 0x0000000080b00000, 0x0000000080b00000|100%| O|  |TAMS 0x0000000080b00000, 0x0000000080a00000| Untracked 
|  11|0x0000000080b00000, 0x0000000080c00000, 0x0000000080c00000|100%| O|  |TAMS 0x0000000080c00000, 0x0000000080b00000| Untracked 
|  12|0x0000000080c00000, 0x0000000080d00000, 0x0000000080d00000|100%| O|  |TAMS 0x0000000080d00000, 0x0000000080c00000| Untracked 
|  13|0x0000000080d00000, 0x0000000080e00000, 0x0000000080e00000|100%| O|  |TAMS 0x0000000080e00000, 0x0000000080d00000| Untracked 
|  14|0x0000000080e00000, 0x0000000080f00000, 0x0000000080f00000|100%| O|  |TAMS 0x0000000080f00000, 0x0000000080e00000| Untracked 
|  15|0x0000000080f00000, 0x0000000081000000, 0x0000000081000000|100%| O|  |TAMS 0x0000000081000000, 0x0000000080f00000| Untracked 
|  16|0x0000000081000000, 0x0000000081100000, 0x0000000081100000|100%| O|  |TAMS 0x0000000081100000, 0x0000000081000000| Untracked 
|  17|0x0000000081100000, 0x0000000081200000, 0x0000000081200000|100%|HS|  |TAMS 0x0000000081200000, 0x0000000081100000| Complete 
|  18|0x0000000081200000, 0x0000000081300000, 0x0000000081300000|100%| O|  |TAMS 0x0000000081300000, 0x0000000081200000| Untracked 
|  19|0x0000000081300000, 0x0000000081400000, 0x0000000081400000|100%| O|  |TAMS 0x0000000081400000, 0x0000000081300000| Untracked 
|  20|0x0000000081400000, 0x0000000081500000, 0x0000000081500000|100%| O|  |TAMS 0x0000000081500000, 0x0000000081400000| Untracked 
|  21|0x0000000081500000, 0x0000000081600000, 0x0000000081600000|100%| O|  |TAMS 0x0000000081600000, 0x0000000081500000| Untracked 
|  22|0x0000000081600000, 0x0000000081700000, 0x0000000081700000|100%| O|  |TAMS 0x0000000081700000, 0x0000000081600000| Untracked 
|  23|0x0000000081700000, 0x0000000081800000, 0x0000000081800000|100%|HS|  |TAMS 0x0000000081800000, 0x0000000081700000| Complete 
|  24|0x0000000081800000, 0x0000000081900000, 0x0000000081900000|100%|HS|  |TAMS 0x0000000081900000, 0x0000000081800000| Complete 
|  25|0x0000000081900000, 0x0000000081a00000, 0x0000000081a00000|100%|HS|  |TAMS 0x0000000081a00000, 0x0000000081900000| Complete 
|  26|0x0000000081a00000, 0x0000000081b00000, 0x0000000081b00000|100%|HC|  |TAMS 0x0000000081b00000, 0x0000000081a00000| Complete 
|  27|0x0000000081b00000, 0x0000000081c00000, 0x0000000081c00000|100%|HC|  |TAMS 0x0000000081c00000, 0x0000000081b00000| Complete 
|  28|0x0000000081c00000, 0x0000000081d00000, 0x0000000081d00000|100%|HC|  |TAMS 0x0000000081d00000, 0x0000000081c00000| Complete 
|  29|0x0000000081d00000, 0x0000000081e00000, 0x0000000081e00000|100%| O|  |TAMS 0x0000000081e00000, 0x0000000081d00000| Untracked 
|  30|0x0000000081e00000, 0x0000000081f00000, 0x0000000081f00000|100%|HS|  |TAMS 0x0000000081f00000, 0x0000000081e00000| Complete 
|  31|0x0000000081f00000, 0x0000000082000000, 0x0000000082000000|100%|HC|  |TAMS 0x0000000082000000, 0x0000000081f00000| Complete 
|  32|0x0000000082000000, 0x0000000082100000, 0x0000000082100000|100%| O|  |TAMS 0x0000000082100000, 0x0000000082000000| Untracked 
|  33|0x0000000082100000, 0x0000000082200000, 0x0000000082200000|100%| O|  |TAMS 0x0000000082200000, 0x0000000082100000| Untracked 
|  34|0x0000000082200000, 0x0000000082300000, 0x0000000082300000|100%| O|  |TAMS 0x0000000082300000, 0x0000000082200000| Untracked 
|  35|0x0000000082300000, 0x0000000082400000, 0x0000000082400000|100%| O|  |TAMS 0x0000000082400000, 0x0000000082300000| Untracked 
|  36|0x0000000082400000, 0x0000000082400000, 0x0000000082500000|  0%| F|  |TAMS 0x0000000082400000, 0x0000000082400000| Untracked 
|  37|0x0000000082500000, 0x0000000082600000, 0x0000000082600000|100%| O|  |TAMS 0x0000000082500000, 0x0000000082500000| Untracked 
|  38|0x0000000082600000, 0x0000000082700000, 0x0000000082700000|100%| O|  |TAMS 0x0000000082700000, 0x0000000082600000| Untracked 
|  39|0x0000000082700000, 0x0000000082800000, 0x0000000082800000|100%| O|  |TAMS 0x0000000082700000, 0x0000000082700000| Untracked 
|  40|0x0000000082800000, 0x0000000082900000, 0x0000000082900000|100%| O|  |TAMS 0x0000000082900000, 0x0000000082800000| Untracked 
|  41|0x0000000082900000, 0x0000000082a00000, 0x0000000082a00000|100%| O|  |TAMS 0x0000000082900000, 0x0000000082900000| Untracked 
|  42|0x0000000082a00000, 0x0000000082b00000, 0x0000000082b00000|100%| O|  |TAMS 0x0000000082a00000, 0x0000000082a00000| Untracked 
|  43|0x0000000082b00000, 0x0000000082c00000, 0x0000000082c00000|100%| O|  |TAMS 0x0000000082b00000, 0x0000000082b00000| Untracked 
|  44|0x0000000082c00000, 0x0000000082d00000, 0x0000000082d00000|100%| O|  |TAMS 0x0000000082c00000, 0x0000000082c00000| Untracked 
|  45|0x0000000082d00000, 0x0000000082e00000, 0x0000000082e00000|100%| O|  |TAMS 0x0000000082e00000, 0x0000000082d00000| Untracked 
|  46|0x0000000082e00000, 0x0000000082f00000, 0x0000000082f00000|100%| O|  |TAMS 0x0000000082f00000, 0x0000000082e00000| Untracked 
|  47|0x0000000082f00000, 0x0000000083000000, 0x0000000083000000|100%| O|  |TAMS 0x0000000083000000, 0x0000000082f00000| Untracked 
|  48|0x0000000083000000, 0x0000000083100000, 0x0000000083100000|100%| O|  |TAMS 0x0000000083100000, 0x0000000083000000| Untracked 
|  49|0x0000000083100000, 0x0000000083100000, 0x0000000083200000|  0%| F|  |TAMS 0x0000000083100000, 0x0000000083100000| Untracked 
|  50|0x0000000083200000, 0x0000000083300000, 0x0000000083300000|100%| O|  |TAMS 0x0000000083300000, 0x0000000083200000| Untracked 
|  51|0x0000000083300000, 0x0000000083400000, 0x0000000083400000|100%| O|  |TAMS 0x0000000083400000, 0x0000000083300000| Untracked 
|  52|0x0000000083400000, 0x0000000083500000, 0x0000000083500000|100%| O|  |TAMS 0x0000000083500000, 0x0000000083400000| Untracked 
|  53|0x0000000083500000, 0x0000000083600000, 0x0000000083600000|100%| O|  |TAMS 0x0000000083600000, 0x0000000083500000| Untracked 
|  54|0x0000000083600000, 0x0000000083700000, 0x0000000083700000|100%| O|  |TAMS 0x0000000083700000, 0x0000000083600000| Untracked 
|  55|0x0000000083700000, 0x0000000083800000, 0x0000000083800000|100%| O|  |TAMS 0x0000000083800000, 0x0000000083700000| Untracked 
|  56|0x0000000083800000, 0x0000000083900000, 0x0000000083900000|100%| O|  |TAMS 0x0000000083900000, 0x0000000083800000| Untracked 
|  57|0x0000000083900000, 0x0000000083900000, 0x0000000083a00000|  0%| F|  |TAMS 0x0000000083900000, 0x0000000083900000| Untracked 
|  58|0x0000000083a00000, 0x0000000083b00000, 0x0000000083b00000|100%| O|  |TAMS 0x0000000083b00000, 0x0000000083a00000| Untracked 
|  59|0x0000000083b00000, 0x0000000083c00000, 0x0000000083c00000|100%| O|  |TAMS 0x0000000083c00000, 0x0000000083b00000| Untracked 
|  60|0x0000000083c00000, 0x0000000083d00000, 0x0000000083d00000|100%| O|  |TAMS 0x0000000083d00000, 0x0000000083c00000| Untracked 
|  61|0x0000000083d00000, 0x0000000083d00000, 0x0000000083e00000|  0%| F|  |TAMS 0x0000000083d00000, 0x0000000083d00000| Untracked 
|  62|0x0000000083e00000, 0x0000000083e00000, 0x0000000083f00000|  0%| F|  |TAMS 0x0000000083e00000, 0x0000000083e00000| Untracked 
|  63|0x0000000083f00000, 0x0000000084000000, 0x0000000084000000|100%| O|  |TAMS 0x0000000083f00000, 0x0000000083f00000| Untracked 
|  64|0x0000000084000000, 0x0000000084100000, 0x0000000084100000|100%| O|  |TAMS 0x0000000084100000, 0x0000000084000000| Untracked 
|  65|0x0000000084100000, 0x0000000084200000, 0x0000000084200000|100%| O|  |TAMS 0x0000000084200000, 0x0000000084100000| Untracked 
|  66|0x0000000084200000, 0x0000000084200000, 0x0000000084300000|  0%| F|  |TAMS 0x0000000084200000, 0x0000000084200000| Untracked 
|  67|0x0000000084300000, 0x0000000084400000, 0x0000000084400000|100%| O|  |TAMS 0x0000000084400000, 0x0000000084300000| Untracked 
|  68|0x0000000084400000, 0x0000000084500000, 0x0000000084500000|100%| O|  |TAMS 0x0000000084500000, 0x0000000084400000| Untracked 
|  69|0x0000000084500000, 0x0000000084600000, 0x0000000084600000|100%| O|  |TAMS 0x0000000084600000, 0x0000000084500000| Untracked 
|  70|0x0000000084600000, 0x0000000084600000, 0x0000000084700000|  0%| F|  |TAMS 0x0000000084600000, 0x0000000084600000| Untracked 
|  71|0x0000000084700000, 0x0000000084700000, 0x0000000084800000|  0%| F|  |TAMS 0x0000000084700000, 0x0000000084700000| Untracked 
|  72|0x0000000084800000, 0x0000000084900000, 0x0000000084900000|100%| O|  |TAMS 0x0000000084900000, 0x0000000084800000| Untracked 
|  73|0x0000000084900000, 0x0000000084a00000, 0x0000000084a00000|100%| O|  |TAMS 0x0000000084a00000, 0x0000000084900000| Untracked 
|  74|0x0000000084a00000, 0x0000000084b00000, 0x0000000084b00000|100%| O|  |TAMS 0x0000000084b00000, 0x0000000084a00000| Untracked 
|  75|0x0000000084b00000, 0x0000000084b00000, 0x0000000084c00000|  0%| F|  |TAMS 0x0000000084b00000, 0x0000000084b00000| Untracked 
|  76|0x0000000084c00000, 0x0000000084d00000, 0x0000000084d00000|100%| O|  |TAMS 0x0000000084d00000, 0x0000000084c00000| Untracked 
|  77|0x0000000084d00000, 0x0000000084e00000, 0x0000000084e00000|100%| O|  |TAMS 0x0000000084e00000, 0x0000000084d00000| Untracked 
|  78|0x0000000084e00000, 0x0000000084e00000, 0x0000000084f00000|  0%| F|  |TAMS 0x0000000084e00000, 0x0000000084e00000| Untracked 
|  79|0x0000000084f00000, 0x0000000085000000, 0x0000000085000000|100%| O|  |TAMS 0x0000000085000000, 0x0000000084f00000| Untracked 
|  80|0x0000000085000000, 0x0000000085100000, 0x0000000085100000|100%| O|  |TAMS 0x0000000085100000, 0x0000000085000000| Untracked 
|  81|0x0000000085100000, 0x0000000085100000, 0x0000000085200000|  0%| F|  |TAMS 0x0000000085100000, 0x0000000085100000| Untracked 
|  82|0x0000000085200000, 0x0000000085200000, 0x0000000085300000|  0%| F|  |TAMS 0x0000000085200000, 0x0000000085200000| Untracked 
|  83|0x0000000085300000, 0x0000000085400000, 0x0000000085400000|100%| O|  |TAMS 0x0000000085400000, 0x0000000085300000| Untracked 
|  84|0x0000000085400000, 0x0000000085500000, 0x0000000085500000|100%| O|  |TAMS 0x0000000085500000, 0x0000000085400000| Untracked 
|  85|0x0000000085500000, 0x0000000085600000, 0x0000000085600000|100%| O|  |TAMS 0x0000000085600000, 0x0000000085500000| Untracked 
|  86|0x0000000085600000, 0x0000000085700000, 0x0000000085700000|100%| O|  |TAMS 0x0000000085700000, 0x0000000085600000| Untracked 
|  87|0x0000000085700000, 0x0000000085800000, 0x0000000085800000|100%| O|  |TAMS 0x0000000085800000, 0x0000000085700000| Untracked 
|  88|0x0000000085800000, 0x0000000085900000, 0x0000000085900000|100%| O|  |TAMS 0x000000008580b200, 0x0000000085800000| Untracked 
|  89|0x0000000085900000, 0x0000000085a00000, 0x0000000085a00000|100%| O|  |TAMS 0x0000000085a00000, 0x0000000085900000| Untracked 
|  90|0x0000000085a00000, 0x0000000085b00000, 0x0000000085b00000|100%| O|  |TAMS 0x0000000085b00000, 0x0000000085a00000| Untracked 
|  91|0x0000000085b00000, 0x0000000085c00000, 0x0000000085c00000|100%| O|  |TAMS 0x0000000085c00000, 0x0000000085b00000| Untracked 
|  92|0x0000000085c00000, 0x0000000085d00000, 0x0000000085d00000|100%| O|  |TAMS 0x0000000085c00000, 0x0000000085c00000| Untracked 
|  93|0x0000000085d00000, 0x0000000085dcdc00, 0x0000000085e00000| 80%| O|  |TAMS 0x0000000085d00000, 0x0000000085d00000| Untracked 
|  94|0x0000000085e00000, 0x0000000085f00000, 0x0000000085f00000|100%| O|  |TAMS 0x0000000085f00000, 0x0000000085e00000| Untracked 
|  95|0x0000000085f00000, 0x0000000086000000, 0x0000000086000000|100%| O|  |TAMS 0x0000000086000000, 0x0000000085f00000| Untracked 
|  96|0x0000000086000000, 0x0000000086100000, 0x0000000086100000|100%| O|  |TAMS 0x0000000086100000, 0x0000000086000000| Untracked 
|  97|0x0000000086100000, 0x0000000086200000, 0x0000000086200000|100%| O|  |TAMS 0x0000000086200000, 0x0000000086100000| Untracked 
|  98|0x0000000086200000, 0x0000000086300000, 0x0000000086300000|100%| O|  |TAMS 0x0000000086200000, 0x0000000086200000| Untracked 
|  99|0x0000000086300000, 0x0000000086400000, 0x0000000086400000|100%| O|  |TAMS 0x0000000086400000, 0x0000000086300000| Untracked 
| 100|0x0000000086400000, 0x0000000086500000, 0x0000000086500000|100%| O|  |TAMS 0x0000000086400000, 0x0000000086400000| Untracked 
| 101|0x0000000086500000, 0x0000000086600000, 0x0000000086600000|100%| O|  |TAMS 0x0000000086600000, 0x0000000086500000| Untracked 
| 102|0x0000000086600000, 0x0000000086600000, 0x0000000086700000|  0%| F|  |TAMS 0x0000000086600000, 0x0000000086600000| Untracked 
| 103|0x0000000086700000, 0x0000000086700000, 0x0000000086800000|  0%| F|  |TAMS 0x0000000086700000, 0x0000000086700000| Untracked 
| 104|0x0000000086800000, 0x0000000086900000, 0x0000000086900000|100%| O|  |TAMS 0x0000000086800000, 0x0000000086800000| Untracked 
| 105|0x0000000086900000, 0x0000000086a00000, 0x0000000086a00000|100%| O|  |TAMS 0x0000000086a00000, 0x0000000086900000| Untracked 
| 106|0x0000000086a00000, 0x0000000086a00000, 0x0000000086b00000|  0%| F|  |TAMS 0x0000000086a00000, 0x0000000086a00000| Untracked 
| 107|0x0000000086b00000, 0x0000000086b00000, 0x0000000086c00000|  0%| F|  |TAMS 0x0000000086b00000, 0x0000000086b00000| Untracked 
| 108|0x0000000086c00000, 0x0000000086c00000, 0x0000000086d00000|  0%| F|  |TAMS 0x0000000086c00000, 0x0000000086c00000| Untracked 
| 109|0x0000000086d00000, 0x0000000086d00000, 0x0000000086e00000|  0%| F|  |TAMS 0x0000000086d00000, 0x0000000086d00000| Untracked 
| 110|0x0000000086e00000, 0x0000000086f00000, 0x0000000086f00000|100%| O|  |TAMS 0x0000000086f00000, 0x0000000086e00000| Untracked 
| 111|0x0000000086f00000, 0x0000000087000000, 0x0000000087000000|100%| O|  |TAMS 0x0000000087000000, 0x0000000086f00000| Untracked 
| 112|0x0000000087000000, 0x0000000087100000, 0x0000000087100000|100%| O|  |TAMS 0x0000000087000000, 0x0000000087000000| Untracked 
| 113|0x0000000087100000, 0x0000000087200000, 0x0000000087200000|100%| O|  |TAMS 0x0000000087200000, 0x0000000087100000| Untracked 
| 114|0x0000000087200000, 0x0000000087300000, 0x0000000087300000|100%| O|  |TAMS 0x0000000087300000, 0x0000000087200000| Untracked 
| 115|0x0000000087300000, 0x0000000087400000, 0x0000000087400000|100%| O|  |TAMS 0x0000000087300000, 0x0000000087300000| Untracked 
| 116|0x0000000087400000, 0x0000000087500000, 0x0000000087500000|100%| O|  |TAMS 0x0000000087500000, 0x0000000087400000| Untracked 
| 117|0x0000000087500000, 0x0000000087500000, 0x0000000087600000|  0%| F|  |TAMS 0x0000000087500000, 0x0000000087500000| Untracked 
| 118|0x0000000087600000, 0x0000000087600000, 0x0000000087700000|  0%| F|  |TAMS 0x0000000087600000, 0x0000000087600000| Untracked 
| 119|0x0000000087700000, 0x0000000087800000, 0x0000000087800000|100%| O|  |TAMS 0x0000000087800000, 0x0000000087700000| Untracked 
| 120|0x0000000087800000, 0x0000000087900000, 0x0000000087900000|100%| O|  |TAMS 0x0000000087900000, 0x0000000087800000| Untracked 
| 121|0x0000000087900000, 0x0000000087a00000, 0x0000000087a00000|100%| O|  |TAMS 0x0000000087a00000, 0x0000000087900000| Untracked 
| 122|0x0000000087a00000, 0x0000000087b00000, 0x0000000087b00000|100%| O|  |TAMS 0x0000000087b00000, 0x0000000087a00000| Untracked 
| 123|0x0000000087b00000, 0x0000000087c00000, 0x0000000087c00000|100%| O|  |TAMS 0x0000000087c00000, 0x0000000087b00000| Untracked 
| 124|0x0000000087c00000, 0x0000000087d00000, 0x0000000087d00000|100%| O|  |TAMS 0x0000000087d00000, 0x0000000087c00000| Untracked 
| 125|0x0000000087d00000, 0x0000000087e00000, 0x0000000087e00000|100%| O|  |TAMS 0x0000000087e00000, 0x0000000087d00000| Untracked 
| 126|0x0000000087e00000, 0x0000000087f00000, 0x0000000087f00000|100%| O|  |TAMS 0x0000000087f00000, 0x0000000087e00000| Untracked 
| 127|0x0000000087f00000, 0x0000000088000000, 0x0000000088000000|100%| O|  |TAMS 0x0000000088000000, 0x0000000087f00000| Untracked 
| 128|0x0000000088000000, 0x0000000088100000, 0x0000000088100000|100%| O|  |TAMS 0x0000000088100000, 0x0000000088000000| Untracked 
| 129|0x0000000088100000, 0x0000000088200000, 0x0000000088200000|100%| O|  |TAMS 0x0000000088200000, 0x0000000088100000| Untracked 
| 130|0x0000000088200000, 0x0000000088300000, 0x0000000088300000|100%| O|  |TAMS 0x0000000088300000, 0x0000000088200000| Untracked 
| 131|0x0000000088300000, 0x0000000088400000, 0x0000000088400000|100%| O|  |TAMS 0x0000000088400000, 0x0000000088300000| Untracked 
| 132|0x0000000088400000, 0x0000000088500000, 0x0000000088500000|100%| O|  |TAMS 0x0000000088500000, 0x0000000088400000| Untracked 
| 133|0x0000000088500000, 0x0000000088600000, 0x0000000088600000|100%| O|  |TAMS 0x0000000088600000, 0x0000000088500000| Untracked 
| 134|0x0000000088600000, 0x0000000088700000, 0x0000000088700000|100%| O|  |TAMS 0x0000000088700000, 0x0000000088600000| Untracked 
| 135|0x0000000088700000, 0x0000000088800000, 0x0000000088800000|100%| O|  |TAMS 0x0000000088800000, 0x0000000088700000| Untracked 
| 136|0x0000000088800000, 0x0000000088900000, 0x0000000088900000|100%| O|  |TAMS 0x0000000088900000, 0x0000000088800000| Untracked 
| 137|0x0000000088900000, 0x0000000088900000, 0x0000000088a00000|  0%| F|  |TAMS 0x0000000088900000, 0x0000000088900000| Untracked 
| 138|0x0000000088a00000, 0x0000000088a00000, 0x0000000088b00000|  0%| F|  |TAMS 0x0000000088a00000, 0x0000000088a00000| Untracked 
| 139|0x0000000088b00000, 0x0000000088c00000, 0x0000000088c00000|100%| O|  |TAMS 0x0000000088c00000, 0x0000000088b00000| Untracked 
| 140|0x0000000088c00000, 0x0000000088d00000, 0x0000000088d00000|100%| O|  |TAMS 0x0000000088d00000, 0x0000000088c00000| Untracked 
| 141|0x0000000088d00000, 0x0000000088e00000, 0x0000000088e00000|100%| O|  |TAMS 0x0000000088e00000, 0x0000000088d00000| Untracked 
| 142|0x0000000088e00000, 0x0000000088e00000, 0x0000000088f00000|  0%| F|  |TAMS 0x0000000088e00000, 0x0000000088e00000| Untracked 
| 143|0x0000000088f00000, 0x0000000088f00000, 0x0000000089000000|  0%| F|  |TAMS 0x0000000088f00000, 0x0000000088f00000| Untracked 
| 144|0x0000000089000000, 0x0000000089000000, 0x0000000089100000|  0%| F|  |TAMS 0x0000000089000000, 0x0000000089000000| Untracked 
| 145|0x0000000089100000, 0x0000000089100000, 0x0000000089200000|  0%| F|  |TAMS 0x0000000089100000, 0x0000000089100000| Untracked 
| 146|0x0000000089200000, 0x0000000089200000, 0x0000000089300000|  0%| F|  |TAMS 0x0000000089200000, 0x0000000089200000| Untracked 
| 147|0x0000000089300000, 0x0000000089300000, 0x0000000089400000|  0%| F|  |TAMS 0x0000000089300000, 0x0000000089300000| Untracked 
| 148|0x0000000089400000, 0x0000000089400000, 0x0000000089500000|  0%| F|  |TAMS 0x0000000089400000, 0x0000000089400000| Untracked 
| 149|0x0000000089500000, 0x0000000089500000, 0x0000000089600000|  0%| F|  |TAMS 0x0000000089500000, 0x0000000089500000| Untracked 
| 150|0x0000000089600000, 0x0000000089600000, 0x0000000089700000|  0%| F|  |TAMS 0x0000000089600000, 0x0000000089600000| Untracked 
| 151|0x0000000089700000, 0x0000000089700000, 0x0000000089800000|  0%| F|  |TAMS 0x0000000089700000, 0x0000000089700000| Untracked 
| 152|0x0000000089800000, 0x0000000089800000, 0x0000000089900000|  0%| F|  |TAMS 0x0000000089800000, 0x0000000089800000| Untracked 
| 153|0x0000000089900000, 0x0000000089900000, 0x0000000089a00000|  0%| F|  |TAMS 0x0000000089900000, 0x0000000089900000| Untracked 
| 154|0x0000000089a00000, 0x0000000089a00000, 0x0000000089b00000|  0%| F|  |TAMS 0x0000000089a00000, 0x0000000089a00000| Untracked 
| 155|0x0000000089b00000, 0x0000000089b00000, 0x0000000089c00000|  0%| F|  |TAMS 0x0000000089b00000, 0x0000000089b00000| Untracked 
| 156|0x0000000089c00000, 0x0000000089c00000, 0x0000000089d00000|  0%| F|  |TAMS 0x0000000089c00000, 0x0000000089c00000| Untracked 
| 157|0x0000000089d00000, 0x0000000089d00000, 0x0000000089e00000|  0%| F|  |TAMS 0x0000000089d00000, 0x0000000089d00000| Untracked 
| 158|0x0000000089e00000, 0x0000000089e00000, 0x0000000089f00000|  0%| F|  |TAMS 0x0000000089e00000, 0x0000000089e00000| Untracked 
| 159|0x0000000089f00000, 0x0000000089f00000, 0x000000008a000000|  0%| F|  |TAMS 0x0000000089f00000, 0x0000000089f00000| Untracked 
| 160|0x000000008a000000, 0x000000008a000000, 0x000000008a100000|  0%| F|  |TAMS 0x000000008a000000, 0x000000008a000000| Untracked 
| 161|0x000000008a100000, 0x000000008a100000, 0x000000008a200000|  0%| F|  |TAMS 0x000000008a100000, 0x000000008a100000| Untracked 
| 162|0x000000008a200000, 0x000000008a200000, 0x000000008a300000|  0%| F|  |TAMS 0x000000008a200000, 0x000000008a200000| Untracked 
| 163|0x000000008a300000, 0x000000008a300000, 0x000000008a400000|  0%| F|  |TAMS 0x000000008a300000, 0x000000008a300000| Untracked 
| 164|0x000000008a400000, 0x000000008a400000, 0x000000008a500000|  0%| F|  |TAMS 0x000000008a400000, 0x000000008a400000| Untracked 
| 165|0x000000008a500000, 0x000000008a500000, 0x000000008a600000|  0%| F|  |TAMS 0x000000008a500000, 0x000000008a500000| Untracked 
| 166|0x000000008a600000, 0x000000008a600000, 0x000000008a700000|  0%| F|  |TAMS 0x000000008a600000, 0x000000008a600000| Untracked 
| 167|0x000000008a700000, 0x000000008a700000, 0x000000008a800000|  0%| F|  |TAMS 0x000000008a700000, 0x000000008a700000| Untracked 
| 168|0x000000008a800000, 0x000000008a800000, 0x000000008a900000|  0%| F|  |TAMS 0x000000008a800000, 0x000000008a800000| Untracked 
| 169|0x000000008a900000, 0x000000008a900000, 0x000000008aa00000|  0%| F|  |TAMS 0x000000008a900000, 0x000000008a900000| Untracked 
| 170|0x000000008aa00000, 0x000000008aa00000, 0x000000008ab00000|  0%| F|  |TAMS 0x000000008aa00000, 0x000000008aa00000| Untracked 
| 171|0x000000008ab00000, 0x000000008ab00000, 0x000000008ac00000|  0%| F|  |TAMS 0x000000008ab00000, 0x000000008ab00000| Untracked 
| 172|0x000000008ac00000, 0x000000008ac00000, 0x000000008ad00000|  0%| F|  |TAMS 0x000000008ac00000, 0x000000008ac00000| Untracked 
| 173|0x000000008ad00000, 0x000000008ad00000, 0x000000008ae00000|  0%| F|  |TAMS 0x000000008ad00000, 0x000000008ad00000| Untracked 
| 174|0x000000008ae00000, 0x000000008ae00000, 0x000000008af00000|  0%| F|  |TAMS 0x000000008ae00000, 0x000000008ae00000| Untracked 
| 175|0x000000008af00000, 0x000000008af00000, 0x000000008b000000|  0%| F|  |TAMS 0x000000008af00000, 0x000000008af00000| Untracked 
| 176|0x000000008b000000, 0x000000008b000000, 0x000000008b100000|  0%| F|  |TAMS 0x000000008b000000, 0x000000008b000000| Untracked 
| 177|0x000000008b100000, 0x000000008b100000, 0x000000008b200000|  0%| F|  |TAMS 0x000000008b100000, 0x000000008b100000| Untracked 
| 178|0x000000008b200000, 0x000000008b200000, 0x000000008b300000|  0%| F|  |TAMS 0x000000008b200000, 0x000000008b200000| Untracked 
| 179|0x000000008b300000, 0x000000008b300000, 0x000000008b400000|  0%| F|  |TAMS 0x000000008b300000, 0x000000008b300000| Untracked 
| 180|0x000000008b400000, 0x000000008b400000, 0x000000008b500000|  0%| F|  |TAMS 0x000000008b400000, 0x000000008b400000| Untracked 
| 181|0x000000008b500000, 0x000000008b500000, 0x000000008b600000|  0%| F|  |TAMS 0x000000008b500000, 0x000000008b500000| Untracked 
| 182|0x000000008b600000, 0x000000008b600000, 0x000000008b700000|  0%| F|  |TAMS 0x000000008b600000, 0x000000008b600000| Untracked 
| 183|0x000000008b700000, 0x000000008b700000, 0x000000008b800000|  0%| F|  |TAMS 0x000000008b700000, 0x000000008b700000| Untracked 
| 184|0x000000008b800000, 0x000000008b800000, 0x000000008b900000|  0%| F|  |TAMS 0x000000008b800000, 0x000000008b800000| Untracked 
| 185|0x000000008b900000, 0x000000008b900000, 0x000000008ba00000|  0%| F|  |TAMS 0x000000008b900000, 0x000000008b900000| Untracked 
| 186|0x000000008ba00000, 0x000000008ba00000, 0x000000008bb00000|  0%| F|  |TAMS 0x000000008ba00000, 0x000000008ba00000| Untracked 
| 187|0x000000008bb00000, 0x000000008bb00000, 0x000000008bc00000|  0%| F|  |TAMS 0x000000008bb00000, 0x000000008bb00000| Untracked 
| 188|0x000000008bc00000, 0x000000008bc00000, 0x000000008bd00000|  0%| F|  |TAMS 0x000000008bc00000, 0x000000008bc00000| Untracked 
| 189|0x000000008bd00000, 0x000000008bd00000, 0x000000008be00000|  0%| F|  |TAMS 0x000000008bd00000, 0x000000008bd00000| Untracked 
| 190|0x000000008be00000, 0x000000008be00000, 0x000000008bf00000|  0%| F|  |TAMS 0x000000008be00000, 0x000000008be00000| Untracked 
| 191|0x000000008bf00000, 0x000000008bf00000, 0x000000008c000000|  0%| F|  |TAMS 0x000000008bf00000, 0x000000008bf00000| Untracked 
| 192|0x000000008c000000, 0x000000008c000000, 0x000000008c100000|  0%| F|  |TAMS 0x000000008c000000, 0x000000008c000000| Untracked 
| 193|0x000000008c100000, 0x000000008c100000, 0x000000008c200000|  0%| F|  |TAMS 0x000000008c100000, 0x000000008c100000| Untracked 
| 194|0x000000008c200000, 0x000000008c200000, 0x000000008c300000|  0%| F|  |TAMS 0x000000008c200000, 0x000000008c200000| Untracked 
| 195|0x000000008c300000, 0x000000008c300000, 0x000000008c400000|  0%| F|  |TAMS 0x000000008c300000, 0x000000008c300000| Untracked 
| 196|0x000000008c400000, 0x000000008c400000, 0x000000008c500000|  0%| F|  |TAMS 0x000000008c400000, 0x000000008c400000| Untracked 
| 197|0x000000008c500000, 0x000000008c500000, 0x000000008c600000|  0%| F|  |TAMS 0x000000008c500000, 0x000000008c500000| Untracked 
| 198|0x000000008c600000, 0x000000008c600000, 0x000000008c700000|  0%| F|  |TAMS 0x000000008c600000, 0x000000008c600000| Untracked 
| 199|0x000000008c700000, 0x000000008c700000, 0x000000008c800000|  0%| F|  |TAMS 0x000000008c700000, 0x000000008c700000| Untracked 
| 200|0x000000008c800000, 0x000000008c800000, 0x000000008c900000|  0%| F|  |TAMS 0x000000008c800000, 0x000000008c800000| Untracked 
| 201|0x000000008c900000, 0x000000008c900000, 0x000000008ca00000|  0%| F|  |TAMS 0x000000008c900000, 0x000000008c900000| Untracked 
| 202|0x000000008ca00000, 0x000000008ca00000, 0x000000008cb00000|  0%| F|  |TAMS 0x000000008ca00000, 0x000000008ca00000| Untracked 
| 203|0x000000008cb00000, 0x000000008cb00000, 0x000000008cc00000|  0%| F|  |TAMS 0x000000008cb00000, 0x000000008cb00000| Untracked 
| 204|0x000000008cc00000, 0x000000008cc00000, 0x000000008cd00000|  0%| F|  |TAMS 0x000000008cc00000, 0x000000008cc00000| Untracked 
| 205|0x000000008cd00000, 0x000000008cd00000, 0x000000008ce00000|  0%| F|  |TAMS 0x000000008cd00000, 0x000000008cd00000| Untracked 
| 206|0x000000008ce00000, 0x000000008ce00000, 0x000000008cf00000|  0%| F|  |TAMS 0x000000008ce00000, 0x000000008ce00000| Untracked 
| 207|0x000000008cf00000, 0x000000008cf00000, 0x000000008d000000|  0%| F|  |TAMS 0x000000008cf00000, 0x000000008cf00000| Untracked 
| 208|0x000000008d000000, 0x000000008d000000, 0x000000008d100000|  0%| F|  |TAMS 0x000000008d000000, 0x000000008d000000| Untracked 
| 209|0x000000008d100000, 0x000000008d100000, 0x000000008d200000|  0%| F|  |TAMS 0x000000008d100000, 0x000000008d100000| Untracked 
| 210|0x000000008d200000, 0x000000008d200000, 0x000000008d300000|  0%| F|  |TAMS 0x000000008d200000, 0x000000008d200000| Untracked 
| 211|0x000000008d300000, 0x000000008d300000, 0x000000008d400000|  0%| F|  |TAMS 0x000000008d300000, 0x000000008d300000| Untracked 
| 212|0x000000008d400000, 0x000000008d400000, 0x000000008d500000|  0%| F|  |TAMS 0x000000008d400000, 0x000000008d400000| Untracked 
| 213|0x000000008d500000, 0x000000008d500000, 0x000000008d600000|  0%| F|  |TAMS 0x000000008d500000, 0x000000008d500000| Untracked 
| 214|0x000000008d600000, 0x000000008d600000, 0x000000008d700000|  0%| F|  |TAMS 0x000000008d600000, 0x000000008d600000| Untracked 
| 215|0x000000008d700000, 0x000000008d700000, 0x000000008d800000|  0%| F|  |TAMS 0x000000008d700000, 0x000000008d700000| Untracked 
| 216|0x000000008d800000, 0x000000008d800000, 0x000000008d900000|  0%| F|  |TAMS 0x000000008d800000, 0x000000008d800000| Untracked 
| 217|0x000000008d900000, 0x000000008d900000, 0x000000008da00000|  0%| F|  |TAMS 0x000000008d900000, 0x000000008d900000| Untracked 
| 218|0x000000008da00000, 0x000000008da00000, 0x000000008db00000|  0%| F|  |TAMS 0x000000008da00000, 0x000000008da00000| Untracked 
| 219|0x000000008db00000, 0x000000008db00000, 0x000000008dc00000|  0%| F|  |TAMS 0x000000008db00000, 0x000000008db00000| Untracked 
| 220|0x000000008dc00000, 0x000000008dc00000, 0x000000008dd00000|  0%| F|  |TAMS 0x000000008dc00000, 0x000000008dc00000| Untracked 
| 221|0x000000008dd00000, 0x000000008dd00000, 0x000000008de00000|  0%| F|  |TAMS 0x000000008dd00000, 0x000000008dd00000| Untracked 
| 222|0x000000008de00000, 0x000000008de00000, 0x000000008df00000|  0%| F|  |TAMS 0x000000008de00000, 0x000000008de00000| Untracked 
| 223|0x000000008df00000, 0x000000008df00000, 0x000000008e000000|  0%| F|  |TAMS 0x000000008df00000, 0x000000008df00000| Untracked 
| 224|0x000000008e000000, 0x000000008e000000, 0x000000008e100000|  0%| F|  |TAMS 0x000000008e000000, 0x000000008e000000| Untracked 
| 225|0x000000008e100000, 0x000000008e100000, 0x000000008e200000|  0%| F|  |TAMS 0x000000008e100000, 0x000000008e100000| Untracked 
| 226|0x000000008e200000, 0x000000008e200000, 0x000000008e300000|  0%| F|  |TAMS 0x000000008e200000, 0x000000008e200000| Untracked 
| 227|0x000000008e300000, 0x000000008e300000, 0x000000008e400000|  0%| F|  |TAMS 0x000000008e300000, 0x000000008e300000| Untracked 
| 228|0x000000008e400000, 0x000000008e400000, 0x000000008e500000|  0%| F|  |TAMS 0x000000008e400000, 0x000000008e400000| Untracked 
| 229|0x000000008e500000, 0x000000008e500000, 0x000000008e600000|  0%| F|  |TAMS 0x000000008e500000, 0x000000008e500000| Untracked 
| 230|0x000000008e600000, 0x000000008e600000, 0x000000008e700000|  0%| F|  |TAMS 0x000000008e600000, 0x000000008e600000| Untracked 
| 231|0x000000008e700000, 0x000000008e700000, 0x000000008e800000|  0%| F|  |TAMS 0x000000008e700000, 0x000000008e700000| Untracked 
| 232|0x000000008e800000, 0x000000008e800000, 0x000000008e900000|  0%| F|  |TAMS 0x000000008e800000, 0x000000008e800000| Untracked 
| 233|0x000000008e900000, 0x000000008e900000, 0x000000008ea00000|  0%| F|  |TAMS 0x000000008e900000, 0x000000008e900000| Untracked 
| 234|0x000000008ea00000, 0x000000008ea00000, 0x000000008eb00000|  0%| F|  |TAMS 0x000000008ea00000, 0x000000008ea00000| Untracked 
| 235|0x000000008eb00000, 0x000000008eb00000, 0x000000008ec00000|  0%| F|  |TAMS 0x000000008eb00000, 0x000000008eb00000| Untracked 
| 236|0x000000008ec00000, 0x000000008ec00000, 0x000000008ed00000|  0%| F|  |TAMS 0x000000008ec00000, 0x000000008ec00000| Untracked 
| 237|0x000000008ed00000, 0x000000008ed00000, 0x000000008ee00000|  0%| F|  |TAMS 0x000000008ed00000, 0x000000008ed00000| Untracked 
| 238|0x000000008ee00000, 0x000000008ee00000, 0x000000008ef00000|  0%| F|  |TAMS 0x000000008ee00000, 0x000000008ee00000| Untracked 
| 239|0x000000008ef00000, 0x000000008ef00000, 0x000000008f000000|  0%| F|  |TAMS 0x000000008ef00000, 0x000000008ef00000| Untracked 
| 240|0x000000008f000000, 0x000000008f038f48, 0x000000008f100000| 22%| E|  |TAMS 0x000000008f000000, 0x000000008f000000| Complete 
| 241|0x000000008f100000, 0x000000008f200000, 0x000000008f200000|100%| E|CS|TAMS 0x000000008f100000, 0x000000008f100000| Complete 
| 242|0x000000008f200000, 0x000000008f300000, 0x000000008f300000|100%| E|CS|TAMS 0x000000008f200000, 0x000000008f200000| Complete 
| 243|0x000000008f300000, 0x000000008f400000, 0x000000008f400000|100%| E|CS|TAMS 0x000000008f300000, 0x000000008f300000| Complete 
| 244|0x000000008f400000, 0x000000008f4c1d70, 0x000000008f500000| 75%| S|CS|TAMS 0x000000008f400000, 0x000000008f400000| Complete 
| 245|0x000000008f500000, 0x000000008f600000, 0x000000008f600000|100%| S|CS|TAMS 0x000000008f500000, 0x000000008f500000| Complete 
| 246|0x000000008f600000, 0x000000008f700000, 0x000000008f700000|100%| E|CS|TAMS 0x000000008f600000, 0x000000008f600000| Complete 
| 247|0x000000008f700000, 0x000000008f800000, 0x000000008f800000|100%| E|CS|TAMS 0x000000008f700000, 0x000000008f700000| Complete 
| 248|0x000000008f800000, 0x000000008f900000, 0x000000008f900000|100%| E|CS|TAMS 0x000000008f800000, 0x000000008f800000| Complete 
| 249|0x000000008f900000, 0x000000008fa00000, 0x000000008fa00000|100%| E|CS|TAMS 0x000000008f900000, 0x000000008f900000| Complete 
| 250|0x000000008fa00000, 0x000000008fb00000, 0x000000008fb00000|100%| E|CS|TAMS 0x000000008fa00000, 0x000000008fa00000| Complete 
| 251|0x000000008fb00000, 0x000000008fc00000, 0x000000008fc00000|100%| E|CS|TAMS 0x000000008fb00000, 0x000000008fb00000| Complete 
| 252|0x000000008fc00000, 0x000000008fd00000, 0x000000008fd00000|100%| E|CS|TAMS 0x000000008fc00000, 0x000000008fc00000| Complete 

Card table byte_map: [0x00000167632b0000,0x00000167636b0000] _byte_map_base: 0x0000016762eb0000

Marking Bits (Prev, Next): (CMBitMap*) 0x00000167500ab878, (CMBitMap*) 0x00000167500ab8b0
 Prev Bits: [0x0000016763ab0000, 0x0000016765ab0000)
 Next Bits: [0x0000016765ab0000, 0x0000016767ab0000)

Polling page: 0x000001674e070000

Metaspace:

Usage:
  Non-class:    122.77 MB capacity,   119.14 MB ( 97%) used,     2.98 MB (  2%) free+waste,   661.25 KB ( <1%) overhead. 
      Class:     18.79 MB capacity,    16.76 MB ( 89%) used,     1.75 MB (  9%) free+waste,   289.38 KB (  2%) overhead. 
       Both:    141.56 MB capacity,   135.91 MB ( 96%) used,     4.73 MB (  3%) free+waste,   950.63 KB ( <1%) overhead. 

Virtual space:
  Non-class space:      124.00 MB reserved,     122.83 MB (>99%) committed 
      Class space:        1.00 GB reserved,      18.88 MB (  2%) committed 
             Both:        1.12 GB reserved,     141.70 MB ( 12%) committed 

Chunk freelists:
   Non-Class:  2.00 KB
       Class:  21.00 KB
        Both:  23.00 KB

MaxMetaspaceSize: 17179869184.00 GB
CompressedClassSpaceSize: 1.00 GB
Initial GC threshold: 20.80 MB
Current GC threshold: 236.17 MB
CDS: off

CodeHeap 'non-profiled nmethods': size=120000Kb used=28731Kb max_used=28731Kb free=91269Kb
 bounds [0x000001675b650000, 0x000001675d260000, 0x0000016762b80000]
CodeHeap 'profiled nmethods': size=120000Kb used=59294Kb max_used=60353Kb free=60705Kb
 bounds [0x0000016754120000, 0x0000016757c20000, 0x000001675b650000]
CodeHeap 'non-nmethods': size=5760Kb used=2514Kb max_used=2587Kb free=3245Kb
 bounds [0x0000016753b80000, 0x0000016753e20000, 0x0000016754120000]
 total_blobs=29283 nmethods=28247 adapters=945
 compilation: enabled
              stopped_count=0, restarted_count=0
 full_count=0

Compilation events (20 events):
Event: 8518.515 Thread 0x000001676ada5000 35182       3       com.google.common.collect.AbstractMapBasedMultimap$WrappedCollection::removeIfEmpty (47 bytes)
Event: 8518.515 Thread 0x000001676ada5000 nmethod 35182 0x00000167567bb890 code [0x00000167567bba80, 0x00000167567bbe88]
Event: 8518.515 Thread 0x000001676ada5000 35183       1       org.gradle.api.tasks.compile.CompileOptions::getDebugOptions (5 bytes)
Event: 8518.515 Thread 0x000001676ada5000 nmethod 35183 0x000001675d250390 code [0x000001675d250540, 0x000001675d2505f8]
Event: 8518.515 Thread 0x000001676ada5000 35184       1       org.gradle.api.tasks.compile.ProviderAwareCompilerDaemonForkOptions::getJvmArgumentProviders (5 bytes)
Event: 8518.515 Thread 0x000001676ada5000 nmethod 35184 0x000001675d250690 code [0x000001675d250840, 0x000001675d2508f8]
Event: 8518.522 Thread 0x000001676ada5000 35185       3       java.lang.invoke.DirectMethodHandle$Holder::invokeStatic (26 bytes)
Event: 8518.522 Thread 0x000001676ada5000 nmethod 35185 0x000001675664f010 code [0x000001675664f1e0, 0x000001675664f758]
Event: 8518.543 Thread 0x000001676ada5000 35186       3       org.gradle.cache.internal.DefaultCacheFactory$ReferenceTrackingCache::useCache (14 bytes)
Event: 8518.543 Thread 0x000001676ada5000 nmethod 35186 0x00000167562ac890 code [0x00000167562aca60, 0x00000167562acc48]
Event: 8518.546 Thread 0x0000016773287000 nmethod 35150 0x000001675d250990 code [0x000001675d250d00, 0x000001675d253cc8]
Event: 8518.546 Thread 0x0000016773287000 35180       4       org.gradle.api.internal.collections.AbstractIterationOrderRetainingElementSource::size (43 bytes)
Event: 8518.552 Thread 0x000001676ada0000 nmethod 35136% 0x000001675d254c90 code [0x000001675d254fc0, 0x000001675d257fd8]
Event: 8518.552 Thread 0x000001676ada0000 35172       4       org.codehaus.groovy.reflection.ParameterTypes::coerceArgumentsToClasses (55 bytes)
Event: 8518.554 Thread 0x0000016773287000 nmethod 35180 0x000001675d25a290 code [0x000001675d25a460, 0x000001675d25a798]
Event: 8518.554 Thread 0x0000016773287000 35170       4       org.codehaus.groovy.runtime.MetaClassHelper::convertToTypeArray (42 bytes)
Event: 8518.557 Thread 0x000001676ada0000 nmethod 35172 0x000001675d25ab10 code [0x000001675d25ace0, 0x000001675d25b028]
Event: 8518.557 Thread 0x000001676ada0000 35168       4       org.gradle.internal.extensibility.ExtensionsStorage::add (52 bytes)
Event: 8518.559 Thread 0x0000016773287000 nmethod 35170 0x000001675d25b310 code [0x000001675d25b4c0, 0x000001675d25b7f8]
Event: 8518.559 Thread 0x0000016773287000 35169       4       org.gradle.util.internal.ConfigureUtil$WrappedConfigureAction::execute (10 bytes)

GC Heap History (20 events):
Event: 8369.563 GC heap before
{Heap before GC invocations=193 (full 0):
 garbage-first heap   total 259072K, used 139130K [0x0000000080000000, 0x0000000100000000)
  region size 1024K, 12 young (12288K), 10 survivors (10240K)
 Metaspace       used 138874K, capacity 144678K, committed 144848K, reserved 1175552K
  class space    used 17165K, capacity 19242K, committed 19328K, reserved 1048576K
}
Event: 8369.583 GC heap after
{Heap after GC invocations=194 (full 0):
 garbage-first heap   total 259072K, used 129229K [0x0000000080000000, 0x0000000100000000)
  region size 1024K, 1 young (1024K), 1 survivors (1024K)
 Metaspace       used 138874K, capacity 144678K, committed 144848K, reserved 1175552K
  class space    used 17165K, capacity 19242K, committed 19328K, reserved 1048576K
}
Event: 8371.105 GC heap before
{Heap before GC invocations=194 (full 0):
 garbage-first heap   total 259072K, used 210125K [0x0000000080000000, 0x0000000100000000)
  region size 1024K, 82 young (83968K), 1 survivors (1024K)
 Metaspace       used 138923K, capacity 144678K, committed 144848K, reserved 1175552K
  class space    used 17165K, capacity 19242K, committed 19328K, reserved 1048576K
}
Event: 8371.119 GC heap after
{Heap after GC invocations=195 (full 0):
 garbage-first heap   total 259072K, used 130556K [0x0000000080000000, 0x0000000100000000)
  region size 1024K, 3 young (3072K), 3 survivors (3072K)
 Metaspace       used 138923K, capacity 144678K, committed 144848K, reserved 1175552K
  class space    used 17165K, capacity 19242K, committed 19328K, reserved 1048576K
}
Event: 8389.213 GC heap before
{Heap before GC invocations=196 (full 0):
 garbage-first heap   total 259072K, used 226812K [0x0000000080000000, 0x0000000100000000)
  region size 1024K, 85 young (87040K), 3 survivors (3072K)
 Metaspace       used 138975K, capacity 144806K, committed 145104K, reserved 1175552K
  class space    used 17165K, capacity 19242K, committed 19328K, reserved 1048576K
}
Event: 8389.225 GC heap after
{Heap after GC invocations=197 (full 0):
 garbage-first heap   total 259072K, used 138293K [0x0000000080000000, 0x0000000100000000)
  region size 1024K, 10 young (10240K), 10 survivors (10240K)
 Metaspace       used 138975K, capacity 144806K, committed 145104K, reserved 1175552K
  class space    used 17165K, capacity 19242K, committed 19328K, reserved 1048576K
}
Event: 8389.236 GC heap before
{Heap before GC invocations=197 (full 0):
 garbage-first heap   total 259072K, used 140341K [0x0000000080000000, 0x0000000100000000)
  region size 1024K, 12 young (12288K), 10 survivors (10240K)
 Metaspace       used 138975K, capacity 144806K, committed 145104K, reserved 1175552K
  class space    used 17165K, capacity 19242K, committed 19328K, reserved 1048576K
}
Event: 8389.249 GC heap after
{Heap after GC invocations=198 (full 0):
 garbage-first heap   total 259072K, used 131184K [0x0000000080000000, 0x0000000100000000)
  region size 1024K, 2 young (2048K), 2 survivors (2048K)
 Metaspace       used 138975K, capacity 144806K, committed 145104K, reserved 1175552K
  class space    used 17165K, capacity 19242K, committed 19328K, reserved 1048576K
}
Event: 8430.539 GC heap before
{Heap before GC invocations=198 (full 0):
 garbage-first heap   total 259072K, used 212080K [0x0000000080000000, 0x0000000100000000)
  region size 1024K, 82 young (83968K), 2 survivors (2048K)
 Metaspace       used 139056K, capacity 144871K, committed 145104K, reserved 1175552K
  class space    used 17165K, capacity 19242K, committed 19328K, reserved 1048576K
}
Event: 8430.557 GC heap after
{Heap after GC invocations=199 (full 0):
 garbage-first heap   total 259072K, used 138415K [0x0000000080000000, 0x0000000100000000)
  region size 1024K, 9 young (9216K), 9 survivors (9216K)
 Metaspace       used 139056K, capacity 144871K, committed 145104K, reserved 1175552K
  class space    used 17165K, capacity 19242K, committed 19328K, reserved 1048576K
}
Event: 8479.189 GC heap before
{Heap before GC invocations=200 (full 0):
 garbage-first heap   total 259072K, used 211119K [0x0000000080000000, 0x0000000100000000)
  region size 1024K, 81 young (82944K), 9 survivors (9216K)
 Metaspace       used 139077K, capacity 144877K, committed 145104K, reserved 1175552K
  class space    used 17166K, capacity 19243K, committed 19328K, reserved 1048576K
}
Event: 8479.194 GC heap after
{Heap after GC invocations=201 (full 0):
 garbage-first heap   total 259072K, used 134966K [0x0000000080000000, 0x0000000100000000)
  region size 1024K, 4 young (4096K), 4 survivors (4096K)
 Metaspace       used 139077K, capacity 144877K, committed 145104K, reserved 1175552K
  class space    used 17166K, capacity 19243K, committed 19328K, reserved 1048576K
}
Event: 8479.228 GC heap before
{Heap before GC invocations=201 (full 0):
 garbage-first heap   total 259072K, used 143158K [0x0000000080000000, 0x0000000100000000)
  region size 1024K, 12 young (12288K), 4 survivors (4096K)
 Metaspace       used 139080K, capacity 144877K, committed 145104K, reserved 1175552K
  class space    used 17166K, capacity 19243K, committed 19328K, reserved 1048576K
}
Event: 8479.239 GC heap after
{Heap after GC invocations=202 (full 0):
 garbage-first heap   total 259072K, used 123369K [0x0000000080000000, 0x0000000100000000)
  region size 1024K, 2 young (2048K), 2 survivors (2048K)
 Metaspace       used 139080K, capacity 144877K, committed 145104K, reserved 1175552K
  class space    used 17166K, capacity 19243K, committed 19328K, reserved 1048576K
}
Event: 8480.983 GC heap before
{Heap before GC invocations=202 (full 0):
 garbage-first heap   total 259072K, used 209385K [0x0000000080000000, 0x0000000100000000)
  region size 1024K, 87 young (89088K), 2 survivors (2048K)
 Metaspace       used 139120K, capacity 144944K, committed 145104K, reserved 1175552K
  class space    used 17166K, capacity 19243K, committed 19328K, reserved 1048576K
}
Event: 8481.012 GC heap after
{Heap after GC invocations=203 (full 0):
 garbage-first heap   total 259072K, used 130848K [0x0000000080000000, 0x0000000100000000)
  region size 1024K, 9 young (9216K), 9 survivors (9216K)
 Metaspace       used 139120K, capacity 144944K, committed 145104K, reserved 1175552K
  class space    used 17166K, capacity 19243K, committed 19328K, reserved 1048576K
}
Event: 8518.417 GC heap before
{Heap before GC invocations=204 (full 0):
 garbage-first heap   total 259072K, used 223008K [0x0000000080000000, 0x0000000100000000)
  region size 1024K, 88 young (90112K), 9 survivors (9216K)
 Metaspace       used 139160K, capacity 144957K, committed 145104K, reserved 1175552K
  class space    used 17166K, capacity 19243K, committed 19328K, reserved 1048576K
}
Event: 8518.426 GC heap after
{Heap after GC invocations=205 (full 0):
 garbage-first heap   total 259072K, used 132739K [0x0000000080000000, 0x0000000100000000)
  region size 1024K, 5 young (5120K), 5 survivors (5120K)
 Metaspace       used 139160K, capacity 144957K, committed 145104K, reserved 1175552K
  class space    used 17166K, capacity 19243K, committed 19328K, reserved 1048576K
}
Event: 8518.471 GC heap before
{Heap before GC invocations=205 (full 0):
 garbage-first heap   total 259072K, used 139907K [0x0000000080000000, 0x0000000100000000)
  region size 1024K, 12 young (12288K), 5 survivors (5120K)
 Metaspace       used 139162K, capacity 144957K, committed 145104K, reserved 1175552K
  class space    used 17166K, capacity 19243K, committed 19328K, reserved 1048576K
}
Event: 8518.485 GC heap after
{Heap after GC invocations=206 (full 0):
 garbage-first heap   total 259072K, used 124478K [0x0000000080000000, 0x0000000100000000)
  region size 1024K, 2 young (2048K), 2 survivors (2048K)
 Metaspace       used 139162K, capacity 144957K, committed 145104K, reserved 1175552K
  class space    used 17166K, capacity 19243K, committed 19328K, reserved 1048576K
}

Deoptimization events (20 events):
Event: 8430.837 Thread 0x000001677c5a5800 DEOPT PACKING pc=0x000001675616186b sp=0x00000010b7afbd60
Event: 8430.837 Thread 0x000001677c5a5800 DEOPT UNPACKING pc=0x0000016753bca95e sp=0x00000010b7afb2c8 mode 0
Event: 8432.244 Thread 0x000001677c5a5800 Uncommon trap: trap_request=0xffffffc6 fr.pc=0x000001675b80b750 relative=0x00000000000008f0
Event: 8432.244 Thread 0x000001677c5a5800 Uncommon trap: reason=bimorphic_or_optimized_type_check action=maybe_recompile pc=0x000001675b80b750 method=java.lang.Throwable.<init>(Ljava/lang/String;Ljava/lang/Throwable;)V @ 24 c2
Event: 8432.244 Thread 0x000001677c5a5800 DEOPT PACKING pc=0x000001675b80b750 sp=0x00000010b7afb7d0
Event: 8432.244 Thread 0x000001677c5a5800 DEOPT UNPACKING pc=0x0000016753bca1af sp=0x00000010b7afb7b0 mode 2
Event: 8432.357 Thread 0x00000167766b5000 Uncommon trap: trap_request=0xfffffff4 fr.pc=0x000001675b942c9c relative=0x000000000000105c
Event: 8432.357 Thread 0x00000167766b5000 Uncommon trap: reason=null_check action=make_not_entrant pc=0x000001675b942c9c method=java.lang.ThreadLocal$ThreadLocalMap.expungeStaleEntry(I)I @ 51 c2
Event: 8432.357 Thread 0x00000167766b5000 DEOPT PACKING pc=0x000001675b942c9c sp=0x00000010afeff130
Event: 8432.357 Thread 0x00000167766b5000 DEOPT UNPACKING pc=0x0000016753bca1af sp=0x00000010afefefa8 mode 2
Event: 8481.038 Thread 0x000001676d90e800 DEOPT PACKING pc=0x0000016755486a99 sp=0x00000010b8dfbb40
Event: 8481.038 Thread 0x000001676d90e800 DEOPT UNPACKING pc=0x0000016753bca95e sp=0x00000010b8dfb1d8 mode 0
Event: 8518.376 Thread 0x00000167766b5000 Uncommon trap: trap_request=0xfffffff4 fr.pc=0x000001675c35018c relative=0x00000000000052ac
Event: 8518.376 Thread 0x00000167766b5000 Uncommon trap: reason=null_check action=make_not_entrant pc=0x000001675c35018c method=java.lang.ThreadLocal$ThreadLocalMap.expungeStaleEntry(I)I @ 51 c2
Event: 8518.376 Thread 0x00000167766b5000 DEOPT PACKING pc=0x000001675c35018c sp=0x00000010afef9bd0
Event: 8518.376 Thread 0x00000167766b5000 DEOPT UNPACKING pc=0x0000016753bca1af sp=0x00000010afef98a0 mode 2
Event: 8518.565 Thread 0x000001677c5a9000 Uncommon trap: trap_request=0xffffffde fr.pc=0x000001675c83da00 relative=0x00000000000000c0
Event: 8518.565 Thread 0x000001677c5a9000 Uncommon trap: reason=class_check action=maybe_recompile pc=0x000001675c83da00 method=org.gradle.api.internal.artifacts.ivyservice.resolveengine.graph.builder.SelectorState.getFirstDependencyArtifact()Lorg/gradle/internal/component/model/IvyArtifactName; 
Event: 8518.565 Thread 0x000001677c5a9000 DEOPT PACKING pc=0x000001675c83da00 sp=0x00000010b75faf10
Event: 8518.565 Thread 0x000001677c5a9000 DEOPT UNPACKING pc=0x0000016753bca1af sp=0x00000010b75faea0 mode 2

Classes redefined (0 events):
No events

Internal exceptions (20 events):
Event: 8481.047 Thread 0x000001676d90e800 Exception <a 'sun/nio/fs/WindowsException'{0x000000008ee43130}> (0x000000008ee43130) thrown at [./src/hotspot/share/prims/jni.cpp, line 616]
Event: 8481.048 Thread 0x000001676d912800 Exception <a 'sun/nio/fs/WindowsException'{0x000000008eea6790}> (0x000000008eea6790) thrown at [./src/hotspot/share/prims/jni.cpp, line 616]
Event: 8481.049 Thread 0x000001676d912800 Exception <a 'sun/nio/fs/WindowsException'{0x000000008eee2000}> (0x000000008eee2000) thrown at [./src/hotspot/share/prims/jni.cpp, line 616]
Event: 8481.114 Thread 0x000001676d909000 Exception <a 'sun/nio/fs/WindowsException'{0x000000008e14e138}> (0x000000008e14e138) thrown at [./src/hotspot/share/prims/jni.cpp, line 616]
Event: 8481.115 Thread 0x000001676d909000 Exception <a 'sun/nio/fs/WindowsException'{0x000000008e1551c8}> (0x000000008e1551c8) thrown at [./src/hotspot/share/prims/jni.cpp, line 616]
Event: 8481.118 Thread 0x000001676d909000 Exception <a 'sun/nio/fs/WindowsException'{0x000000008e00f2f8}> (0x000000008e00f2f8) thrown at [./src/hotspot/share/prims/jni.cpp, line 616]
Event: 8481.119 Thread 0x000001676d909000 Exception <a 'sun/nio/fs/WindowsException'{0x000000008e015bc8}> (0x000000008e015bc8) thrown at [./src/hotspot/share/prims/jni.cpp, line 616]
Event: 8481.120 Thread 0x000001676d909000 Exception <a 'sun/nio/fs/WindowsException'{0x000000008e09e578}> (0x000000008e09e578) thrown at [./src/hotspot/share/prims/jni.cpp, line 616]
Event: 8481.179 Thread 0x0000016776251800 Exception <a 'sun/nio/fs/WindowsException'{0x000000008dd41070}> (0x000000008dd41070) thrown at [./src/hotspot/share/prims/jni.cpp, line 616]
Event: 8481.200 Thread 0x0000016776251800 Exception <a 'sun/nio/fs/WindowsException'{0x000000008d97e750}> (0x000000008d97e750) thrown at [./src/hotspot/share/prims/jni.cpp, line 616]
Event: 8481.356 Thread 0x00000167766b5000 Exception <a 'sun/nio/fs/WindowsException'{0x000000008d12ec58}> (0x000000008d12ec58) thrown at [./src/hotspot/share/prims/jni.cpp, line 616]
Event: 8481.356 Thread 0x00000167766b5000 Exception <a 'sun/nio/fs/WindowsException'{0x000000008d12ecd8}> (0x000000008d12ecd8) thrown at [./src/hotspot/share/prims/jni.cpp, line 616]
Event: 8481.356 Thread 0x00000167766b5000 Exception <a 'sun/nio/fs/WindowsException'{0x000000008d130640}> (0x000000008d130640) thrown at [./src/hotspot/share/prims/jni.cpp, line 616]
Event: 8518.376 Thread 0x00000167766b5000 Implicit null exception at 0x000001675c34b873 to 0x000001675c350170
Event: 8518.386 Thread 0x00000167766b5000 Exception <a 'sun/nio/fs/WindowsException'{0x000000008b466340}> (0x000000008b466340) thrown at [./src/hotspot/share/prims/jni.cpp, line 616]
Event: 8518.459 Thread 0x00000167766b5000 Exception <a 'sun/nio/fs/WindowsException'{0x000000008f75a5b8}> (0x000000008f75a5b8) thrown at [./src/hotspot/share/prims/jni.cpp, line 616]
Event: 8518.464 Thread 0x00000167766b5000 Exception <a 'sun/nio/fs/WindowsException'{0x000000008f7fb738}> (0x000000008f7fb738) thrown at [./src/hotspot/share/prims/jni.cpp, line 616]
Event: 8518.464 Thread 0x00000167766b5000 Exception <a 'sun/nio/fs/WindowsException'{0x000000008f7fc990}> (0x000000008f7fc990) thrown at [./src/hotspot/share/prims/jni.cpp, line 616]
Event: 8518.465 Thread 0x00000167766b5000 Exception <a 'sun/nio/fs/WindowsException'{0x000000008f7fdc38}> (0x000000008f7fdc38) thrown at [./src/hotspot/share/prims/jni.cpp, line 616]
Event: 8518.465 Thread 0x00000167766b5000 Exception <a 'sun/nio/fs/WindowsException'{0x000000008f7feee0}> (0x000000008f7feee0) thrown at [./src/hotspot/share/prims/jni.cpp, line 616]

Events (20 events):
Event: 8518.519 Thread 0x000001677c5a1800 Thread added: 0x000001677c5a1800
Event: 8518.519 Thread 0x000001677c5a9000 Thread added: 0x000001677c5a9000
Event: 8518.519 Thread 0x000001676d90d000 Thread added: 0x000001676d90d000
Event: 8518.519 Thread 0x000001676d90a800 Thread added: 0x000001676d90a800
Event: 8518.519 Thread 0x000001676d90c000 Thread added: 0x000001676d90c000
Event: 8518.519 Thread 0x000001676d909800 Thread added: 0x000001676d909800
Event: 8518.519 Executing VM operation: RevokeBias
Event: 8518.519 Thread 0x000001676d907800 Thread added: 0x000001676d907800
Event: 8518.520 Executing VM operation: RevokeBias done
Event: 8518.520 Executing VM operation: RevokeBias
Event: 8518.520 Executing VM operation: RevokeBias done
Event: 8518.521 Thread 0x000001676d90e000 Thread added: 0x000001676d90e000
Event: 8518.528 Executing VM operation: RevokeBias
Event: 8518.528 Executing VM operation: RevokeBias done
Event: 8518.529 Executing VM operation: RevokeBias
Event: 8518.530 Executing VM operation: RevokeBias done
Event: 8518.531 Executing VM operation: RevokeBias
Event: 8518.532 Executing VM operation: RevokeBias done
Event: 8518.564 Executing VM operation: RevokeBias
Event: 8518.564 Executing VM operation: RevokeBias done


Dynamic libraries:
0x00007ff633c10000 - 0x00007ff633c1a000 	C:\Program Files\Android\Android Studio\jre\bin\java.exe
0x00007ffc8d350000 - 0x00007ffc8d564000 	C:\WINDOWS\SYSTEM32\ntdll.dll
0x00007ffc8c900000 - 0x00007ffc8c9c2000 	C:\WINDOWS\System32\KERNEL32.DLL
0x00007ffc8a980000 - 0x00007ffc8ad1d000 	C:\WINDOWS\System32\KERNELBASE.dll
0x00007ffc8ad90000 - 0x00007ffc8aea1000 	C:\WINDOWS\System32\ucrtbase.dll
0x00007ffc62e90000 - 0x00007ffc62ea7000 	C:\Program Files\Android\Android Studio\jre\bin\VCRUNTIME140.dll
0x00007ffc62fd0000 - 0x00007ffc62fe9000 	C:\Program Files\Android\Android Studio\jre\bin\jli.dll
0x00007ffc8cce0000 - 0x00007ffc8ce8d000 	C:\WINDOWS\System32\USER32.dll
0x00007ffc7b2f0000 - 0x00007ffc7b57e000 	C:\WINDOWS\WinSxS\amd64_microsoft.windows.common-controls_6595b64144ccf1df_6.0.22621.608_none_a9444ca7c10bb01d\COMCTL32.dll
0x00007ffc8a890000 - 0x00007ffc8a8b6000 	C:\WINDOWS\System32\win32u.dll
0x00007ffc8cb40000 - 0x00007ffc8cbe7000 	C:\WINDOWS\System32\msvcrt.dll
0x00007ffc8b1a0000 - 0x00007ffc8b1c9000 	C:\WINDOWS\System32\GDI32.dll
0x00007ffc8aeb0000 - 0x00007ffc8afc2000 	C:\WINDOWS\System32\gdi32full.dll
0x00007ffc8a7f0000 - 0x00007ffc8a88a000 	C:\WINDOWS\System32\msvcp_win.dll
0x00007ffc8cbf0000 - 0x00007ffc8cc22000 	C:\WINDOWS\System32\IMM32.DLL
0x00007ffc60b70000 - 0x00007ffc60c0d000 	C:\Program Files\Android\Android Studio\jre\bin\msvcp140.dll
0x00007ffc39280000 - 0x00007ffc39d82000 	C:\Program Files\Android\Android Studio\jre\bin\server\jvm.dll
0x00007ffc8cc30000 - 0x00007ffc8ccde000 	C:\WINDOWS\System32\ADVAPI32.dll
0x00007ffc8c150000 - 0x00007ffc8c1f4000 	C:\WINDOWS\System32\sechost.dll
0x00007ffc8ce90000 - 0x00007ffc8cfa5000 	C:\WINDOWS\System32\RPCRT4.dll
0x00007ffc8c8f0000 - 0x00007ffc8c8f8000 	C:\WINDOWS\System32\PSAPI.DLL
0x00007ffc86a30000 - 0x00007ffc86a39000 	C:\WINDOWS\SYSTEM32\WSOCK32.dll
0x00007ffc83d10000 - 0x00007ffc83d44000 	C:\WINDOWS\SYSTEM32\WINMM.dll
0x00007ffc8cac0000 - 0x00007ffc8cb31000 	C:\WINDOWS\System32\WS2_32.dll
0x00007ffc83d50000 - 0x00007ffc83d5a000 	C:\WINDOWS\SYSTEM32\VERSION.dll
0x00007ffc898c0000 - 0x00007ffc898d8000 	C:\WINDOWS\SYSTEM32\kernel.appcore.dll
0x00007ffc82c30000 - 0x00007ffc82c41000 	C:\Program Files\Android\Android Studio\jre\bin\verify.dll
0x00007ffc783a0000 - 0x00007ffc785ce000 	C:\WINDOWS\SYSTEM32\DBGHELP.DLL
0x00007ffc8b3f0000 - 0x00007ffc8b77a000 	C:\WINDOWS\System32\combase.dll
0x00007ffc8b880000 - 0x00007ffc8b957000 	C:\WINDOWS\System32\OLEAUT32.dll
0x00007ffc74870000 - 0x00007ffc748a2000 	C:\WINDOWS\SYSTEM32\dbgcore.DLL
0x00007ffc8a770000 - 0x00007ffc8a7eb000 	C:\WINDOWS\System32\bcryptPrimitives.dll
0x00007ffc7bfd0000 - 0x00007ffc7bff9000 	C:\Program Files\Android\Android Studio\jre\bin\java.dll
0x00007ffc851b0000 - 0x00007ffc851bb000 	C:\Program Files\Android\Android Studio\jre\bin\jimage.dll
0x00007ffc7c180000 - 0x00007ffc7c198000 	C:\Program Files\Android\Android Studio\jre\bin\zip.dll
0x00007ffc8b960000 - 0x00007ffc8c14f000 	C:\WINDOWS\System32\SHELL32.dll
0x00007ffc887b0000 - 0x00007ffc89078000 	C:\WINDOWS\SYSTEM32\windows.storage.dll
0x00007ffc88670000 - 0x00007ffc887ae000 	C:\WINDOWS\SYSTEM32\wintypes.dll
0x00007ffc8b1d0000 - 0x00007ffc8b2c1000 	C:\WINDOWS\System32\SHCORE.dll
0x00007ffc8b140000 - 0x00007ffc8b19e000 	C:\WINDOWS\System32\shlwapi.dll
0x00007ffc8a6a0000 - 0x00007ffc8a6c1000 	C:\WINDOWS\SYSTEM32\profapi.dll
0x00007ffc7ad10000 - 0x00007ffc7ad2a000 	C:\Program Files\Android\Android Studio\jre\bin\net.dll
0x00007ffc83be0000 - 0x00007ffc83d0f000 	C:\WINDOWS\SYSTEM32\WINHTTP.dll
0x00007ffc89d20000 - 0x00007ffc89d89000 	C:\WINDOWS\system32\mswsock.dll
0x00007ffc7acf0000 - 0x00007ffc7ad04000 	C:\Program Files\Android\Android Studio\jre\bin\nio.dll
0x00007ffc64480000 - 0x00007ffc644a7000 	C:\Users\magat\.gradle\native\e1d6ef7f7dcc3fd88c89a11ec53ec762bb8ba0a96d01ffa2cd45eb1d1d8dd5c5\windows-amd64\native-platform.dll
0x00007ffc50b30000 - 0x00007ffc50c74000 	C:\Users\magat\.gradle\native\0d407fdbe67a94daf76414ababcb853783967236a71b16ec16e742cd7a986fd3\windows-amd64\native-platform-file-events.dll
0x00007ffc82c20000 - 0x00007ffc82c2a000 	C:\Program Files\Android\Android Studio\jre\bin\management.dll
0x00007ffc7bfc0000 - 0x00007ffc7bfcd000 	C:\Program Files\Android\Android Studio\jre\bin\management_ext.dll
0x00007ffc89f80000 - 0x00007ffc89f9b000 	C:\WINDOWS\SYSTEM32\CRYPTSP.dll
0x00007ffc89830000 - 0x00007ffc89865000 	C:\WINDOWS\system32\rsaenh.dll
0x00007ffc89e10000 - 0x00007ffc89e38000 	C:\WINDOWS\SYSTEM32\USERENV.dll
0x00007ffc8a110000 - 0x00007ffc8a138000 	C:\WINDOWS\SYSTEM32\bcrypt.dll
0x00007ffc89f70000 - 0x00007ffc89f7c000 	C:\WINDOWS\SYSTEM32\CRYPTBASE.dll
0x00007ffc89340000 - 0x00007ffc8936d000 	C:\WINDOWS\SYSTEM32\IPHLPAPI.DLL
0x00007ffc8c8e0000 - 0x00007ffc8c8e9000 	C:\WINDOWS\System32\NSI.dll
0x00007ffc83d60000 - 0x00007ffc83d79000 	C:\WINDOWS\SYSTEM32\dhcpcsvc6.DLL
0x00007ffc83240000 - 0x00007ffc8325f000 	C:\WINDOWS\SYSTEM32\dhcpcsvc.DLL
0x00007ffc893b0000 - 0x00007ffc894a2000 	C:\WINDOWS\SYSTEM32\DNSAPI.dll
0x00007ffc62680000 - 0x00007ffc6269e000 	C:\Users\magat\AppData\Local\Temp\native-platform10163839226796373884dir\native-platform.dll
0x00007ffc696c0000 - 0x00007ffc696c8000 	C:\Program Files\Android\Android Studio\jre\bin\rmi.dll
0x00007ffc79140000 - 0x00007ffc79167000 	C:\Program Files\Android\Android Studio\jre\bin\sunec.dll
0x00007ffc898e0000 - 0x00007ffc89914000 	C:\WINDOWS\SYSTEM32\ntmarta.dll

dbghelp: loaded successfully - version: 4.0.5 - missing functions: none
symbol engine: initialized successfully - sym options: 0x614 - pdb path: .;C:\Program Files\Android\Android Studio\jre\bin;C:\WINDOWS\SYSTEM32;C:\WINDOWS\WinSxS\amd64_microsoft.windows.common-controls_6595b64144ccf1df_6.0.22621.608_none_a9444ca7c10bb01d;C:\Program Files\Android\Android Studio\jre\bin\server;C:\Users\magat\.gradle\native\e1d6ef7f7dcc3fd88c89a11ec53ec762bb8ba0a96d01ffa2cd45eb1d1d8dd5c5\windows-amd64;C:\Users\magat\.gradle\native\0d407fdbe67a94daf76414ababcb853783967236a71b16ec16e742cd7a986fd3\windows-amd64;C:\Users\magat\AppData\Local\Temp\native-platform10163839226796373884dir

VM Arguments:
jvm_args: --add-opens=java.base/java.util=ALL-UNNAMED --add-opens=java.base/java.lang=ALL-UNNAMED --add-opens=java.base/java.lang.invoke=ALL-UNNAMED --add-opens=java.base/java.util=ALL-UNNAMED --add-opens=java.prefs/java.util.prefs=ALL-UNNAMED --add-opens=java.prefs/java.util.prefs=ALL-UNNAMED --add-opens=java.base/java.nio.charset=ALL-UNNAMED --add-opens=java.base/java.net=ALL-UNNAMED --add-opens=java.base/java.util.concurrent.atomic=ALL-UNNAMED -Xmx2048m -Dfile.encoding=UTF-8 -Duser.country=PH -Duser.language=en -Duser.variant 
java_command: org.gradle.launcher.daemon.bootstrap.GradleDaemon 7.5.1
java_class_path (initial): C:\Users\magat\.gradle\wrapper\dists\gradle-7.5.1-bin\7jzzequgds1hbszbhq3npc5ng\gradle-7.5.1\lib\gradle-launcher-7.5.1.jar
Launcher Type: SUN_STANDARD

[Global flags]
     intx CICompilerCount                          = 4                                         {product} {ergonomic}
     uint ConcGCThreads                            = 2                                         {product} {ergonomic}
     uint G1ConcRefinementThreads                  = 8                                         {product} {ergonomic}
   size_t G1HeapRegionSize                         = 1048576                                   {product} {ergonomic}
    uintx GCDrainStackTargetSize                   = 64                                        {product} {ergonomic}
   size_t InitialHeapSize                          = 199229440                                 {product} {ergonomic}
   size_t MarkStackSize                            = 4194304                                   {product} {ergonomic}
   size_t MaxHeapSize                              = 2147483648                                {product} {command line}
   size_t MaxNewSize                               = 1287651328                                {product} {ergonomic}
   size_t MinHeapDeltaBytes                        = 1048576                                   {product} {ergonomic}
    uintx NonNMethodCodeHeapSize                   = 5836300                                {pd product} {ergonomic}
    uintx NonProfiledCodeHeapSize                  = 122910970                              {pd product} {ergonomic}
    uintx ProfiledCodeHeapSize                     = 122910970                              {pd product} {ergonomic}
    uintx ReservedCodeCacheSize                    = 251658240                              {pd product} {ergonomic}
     bool SegmentedCodeCache                       = true                                      {product} {ergonomic}
     bool UseCompressedClassPointers               = true                                 {lp64_product} {ergonomic}
     bool UseCompressedOops                        = true                                 {lp64_product} {ergonomic}
     bool UseG1GC                                  = true                                      {product} {ergonomic}
     bool UseLargePagesIndividualAllocation        = false                                  {pd product} {ergonomic}

Logging:
Log output configuration:
 #0: stdout all=warning uptime,level,tags
 #1: stderr all=off uptime,level,tags

Environment Variables:
PATH=C:\Windows\system32;C:\Windows;C:\Windows\System32\Wbem;C:\Windows\System32\WindowsPowerShell\v1.0\;C:\Windows\System32\OpenSSH\;C:\Program Files\NVIDIA Corporation\NVIDIA NvDLISR;C:\WINDOWS\system32;C:\WINDOWS;C:\WINDOWS\System32\Wbem;C:\WINDOWS\System32\WindowsPowerShell\v1.0\;C:\WINDOWS\System32\OpenSSH\;C:\Program Files\Git\cmd;C:\Users\magat\AppData\Local\Microsoft\WindowsApps;;C:\Users\magat\AppData\Local\Programs\Microsoft VS Code\bin
USERNAME=magat
OS=Windows_NT
PROCESSOR_IDENTIFIER=Intel64 Family 6 Model 142 Stepping 11, GenuineIntel



---------------  S Y S T E M  ---------------

OS: Windows 11 , 64 bit Build 22621 (10.0.22621.900)
OS uptime: 0 days 8:59 hours

CPU:total 8 (initial active 8) (4 cores per cpu, 2 threads per core) family 6 model 142 stepping 11 microcode 0xde, cmov, cx8, fxsr, mmx, sse, sse2, sse3, ssse3, sse4.1, sse4.2, popcnt, avx, avx2, aes, clmul, erms, 3dnowpref, lzcnt, ht, tsc, tscinvbit, bmi1, bmi2, adx, fma

Memory: 4k page, system-wide physical 12138M (1834M free)
TotalPageFile size 19562M (AvailPageFile size 7272M)
current process WorkingSet (physical memory assigned to process): 632M, peak: 649M
current process commit charge ("private bytes"): 730M, peak: 739M

vm_info: OpenJDK 64-Bit Server VM (11.0.13+0-b1751.21-8125866) for windows-amd64 JRE (11.0.13+0-b1751.21-8125866), built on Feb  2 2022 03:00:22 by "builder" with MS VC++ 14.0 (VS2015)

END.
